<?xml version="1.0" encoding="UTF-8"?>
<robot generator="Robot 5.0.1 (Python 3.8.2 on win32)" generated="20220803 12:04:31.909" rpa="false" schemaversion="3">
<suite id="s1" name="Carrinhos Tests" source="C:\Users\letic\OneDrive\Área de Trabalho\Robotron_Leticia_Nunes_ProjetoFinal\Testes\testes\carrinhos_tests.robot">
<kw name="Criar Sessao" library="base" type="SETUP">
<kw name="Create Session" library="RequestsLibrary">
<arg>serverest</arg>
<arg>${BASE_URI}</arg>
<doc>Create Session: create a HTTP session to a server</doc>
<msg timestamp="20220803 12:04:32.308" level="INFO">Creating Session using : alias=serverest, url=http://localhost:3000/, headers={},                     cookies={}, auth=None, timeout=None, proxies=None, verify=False,                     debug=0 </msg>
<status status="PASS" starttime="20220803 12:04:32.308" endtime="20220803 12:04:32.308"/>
</kw>
<status status="PASS" starttime="20220803 12:04:32.307" endtime="20220803 12:04:32.308"/>
</kw>
<test id="s1-t1" name="Cenario C42: GET Listar Carrinhos 200" line="7">
<kw name="GET Endpoint /carrinhos" library="carrinhos_keywords">
<kw name="GET On Session" library="RequestsLibrary">
<var>${response}</var>
<arg>serverest</arg>
<arg>/carrinhos</arg>
<doc>Sends a GET request on a previously created HTTP Session.</doc>
<msg timestamp="20220803 12:04:32.318" level="INFO">GET Request : url=http://localhost:3000/carrinhos 
 path_url=/carrinhos 
 headers={'User-Agent': 'python-requests/2.28.1', 'Accept-Encoding': 'gzip, deflate', 'Accept': '*/*', 'Connection': 'keep-alive'} 
 body=None 
 </msg>
<msg timestamp="20220803 12:04:32.318" level="INFO">GET Response : url=http://localhost:3000/carrinhos 
 status=200, reason=OK 
 headers={'Access-Control-Allow-Origin': '*', 'x-dns-prefetch-control': 'off', 'x-frame-options': 'SAMEORIGIN', 'strict-transport-security': 'max-age=15552000; includeSubDomains', 'x-download-options': 'noopen', 'x-content-type-options': 'nosniff', 'x-xss-protection': '1; mode=block', 'x-moesif-transaction-id': '505ae248-a6f6-4148-9bad-2ba4c8ee2807', 'Content-Type': 'application/json; charset=utf-8', 'Content-Length': '595', 'Date': 'Wed, 03 Aug 2022 15:04:32 GMT', 'Connection': 'keep-alive', 'Keep-Alive': 'timeout=5'} 
 body={
    "quantidade": 1,
    "carrinhos": [
        {
            "produtos": [
                {
                    "idProduto": "BeeJh5lz3k6kSIzA",
                    "quantidade": 2,
                    "precoUnitario": 470
                },
                {
                    "idProduto": "K6leHdftCeOJj8BJ",
                    "quantidade": 1,
                    "precoUnitario": 5240
                }
            ],
            "precoTotal": 6180,
            "quantidadeTotal": 3,
            "idUsuario": "oUb7aGkMtSEPf6BZ",
            "_id": "qbMqntef4iTOwWfg"
        }
    ]
} 
 </msg>
<msg timestamp="20220803 12:04:32.318" level="INFO">${response} = &lt;Response [200]&gt;</msg>
<status status="PASS" starttime="20220803 12:04:32.309" endtime="20220803 12:04:32.318"/>
</kw>
<kw name="Set Global Variable" library="BuiltIn">
<arg>${response}</arg>
<doc>Makes a variable available globally in all tests and suites.</doc>
<msg timestamp="20220803 12:04:32.319" level="INFO">${response} = &lt;Response [200]&gt;</msg>
<status status="PASS" starttime="20220803 12:04:32.319" endtime="20220803 12:04:32.319"/>
</kw>
<kw name="Mostrar Response" library="common">
<kw name="Log To Console" library="BuiltIn">
<arg>\n\nResponse: ${response.content}</arg>
<doc>Logs the given message to the console.</doc>
<status status="PASS" starttime="20220803 12:04:32.319" endtime="20220803 12:04:32.320"/>
</kw>
<status status="PASS" starttime="20220803 12:04:32.319" endtime="20220803 12:04:32.320"/>
</kw>
<status status="PASS" starttime="20220803 12:04:32.309" endtime="20220803 12:04:32.320"/>
</kw>
<kw name="Validar Status Code &quot;200&quot;" library="common" sourcename="Validar Status Code &quot;${statuscode}&quot;">
<kw name="Should Be True" library="BuiltIn">
<arg>${response.status_code} == ${statuscode}</arg>
<doc>Fails if the given condition is not true.</doc>
<status status="PASS" starttime="20220803 12:04:32.323" endtime="20220803 12:04:32.323"/>
</kw>
<kw name="Log To Console" library="BuiltIn">
<arg>\nStatus Code Esperado: ${statuscode} \nRetornado: ${response.status_code}\n</arg>
<doc>Logs the given message to the console.</doc>
<status status="PASS" starttime="20220803 12:04:32.323" endtime="20220803 12:04:32.324"/>
</kw>
<status status="PASS" starttime="20220803 12:04:32.322" endtime="20220803 12:04:32.324"/>
</kw>
<tag>C42</tag>
<status status="PASS" starttime="20220803 12:04:32.308" endtime="20220803 12:04:32.325"/>
</test>
<test id="s1-t2" name="Cenario C43: GET Buscar Carrinho Por ID" line="12">
<kw name="Criar Carrinho Dinamico" library="carrinhos_keywords">
<kw name="Fazer Login Com Usuario Dinamico" library="login_keywords">
<kw name="POST Criar Usuario Dinamico" library="usuarios_keywords">
<kw name="Criar Dados Usuario Valido" library="dynamics">
<kw name="Name" library="FakerLibrary">
<var>${nome}</var>
<doc>:example 'John Doe'</doc>
<msg timestamp="20220803 12:04:32.327" level="INFO">${nome} = Theo Silva</msg>
<status status="PASS" starttime="20220803 12:04:32.327" endtime="20220803 12:04:32.327"/>
</kw>
<kw name="Email" library="FakerLibrary">
<var>${email}</var>
<msg timestamp="20220803 12:04:32.327" level="INFO">${email} = antonioviana@example.com</msg>
<status status="PASS" starttime="20220803 12:04:32.327" endtime="20220803 12:04:32.327"/>
</kw>
<kw name="Create Dictionary" library="BuiltIn">
<var>${payload}</var>
<arg>nome=${nome}</arg>
<arg>email=${email}</arg>
<arg>password=senha123</arg>
<arg>administrador=true</arg>
<doc>Creates and returns a dictionary based on the given ``items``.</doc>
<msg timestamp="20220803 12:04:32.327" level="INFO">${payload} = {'nome': 'Theo Silva', 'email': 'antonioviana@example.com', 'password': 'senha123', 'administrador': 'true'}</msg>
<status status="PASS" starttime="20220803 12:04:32.327" endtime="20220803 12:04:32.327"/>
</kw>
<kw name="Set Global Variable" library="BuiltIn">
<arg>${payload}</arg>
<doc>Makes a variable available globally in all tests and suites.</doc>
<msg timestamp="20220803 12:04:32.328" level="INFO">${payload} = {'nome': 'Theo Silva', 'email': 'antonioviana@example.com', 'password': 'senha123', 'administrador': 'true'}</msg>
<status status="PASS" starttime="20220803 12:04:32.328" endtime="20220803 12:04:32.328"/>
</kw>
<status status="PASS" starttime="20220803 12:04:32.326" endtime="20220803 12:04:32.328"/>
</kw>
<kw name="Set Variable" library="BuiltIn">
<var>${email}</var>
<arg>${payload["email"]}</arg>
<doc>Returns the given values which can then be assigned to a variables.</doc>
<msg timestamp="20220803 12:04:32.328" level="INFO">${email} = antonioviana@example.com</msg>
<status status="PASS" starttime="20220803 12:04:32.328" endtime="20220803 12:04:32.328"/>
</kw>
<kw name="Set Global Variable" library="BuiltIn">
<arg>${email}</arg>
<doc>Makes a variable available globally in all tests and suites.</doc>
<msg timestamp="20220803 12:04:32.329" level="INFO">${email} = antonioviana@example.com</msg>
<status status="PASS" starttime="20220803 12:04:32.328" endtime="20220803 12:04:32.329"/>
</kw>
<kw name="POST Endpoint /usuarios" library="usuarios_keywords">
<kw name="POST On Session" library="RequestsLibrary">
<var>${response}</var>
<arg>serverest</arg>
<arg>/usuarios</arg>
<arg>json=&amp;{payload}</arg>
<arg>expected_status=anything</arg>
<doc>Sends a POST request on a previously created HTTP Session.</doc>
<msg timestamp="20220803 12:04:32.332" level="INFO">POST Request : url=http://localhost:3000/usuarios 
 path_url=/usuarios 
 headers={'User-Agent': 'python-requests/2.28.1', 'Accept-Encoding': 'gzip, deflate', 'Accept': '*/*', 'Connection': 'keep-alive', 'Content-Length': '108', 'Content-Type': 'application/json'} 
 body=b'{"nome": "Theo Silva", "email": "antonioviana@example.com", "password": "senha123", "administrador": "true"}' 
 </msg>
<msg timestamp="20220803 12:04:32.333" level="INFO">POST Response : url=http://localhost:3000/usuarios 
 status=201, reason=Created 
 headers={'Access-Control-Allow-Origin': '*', 'x-dns-prefetch-control': 'off', 'x-frame-options': 'SAMEORIGIN', 'strict-transport-security': 'max-age=15552000; includeSubDomains', 'x-download-options': 'noopen', 'x-content-type-options': 'nosniff', 'x-xss-protection': '1; mode=block', 'x-moesif-transaction-id': 'f56ffa93-68bf-43ec-95c3-92c4322b2bdd', 'Content-Type': 'application/json; charset=utf-8', 'Content-Length': '82', 'Date': 'Wed, 03 Aug 2022 15:04:32 GMT', 'Connection': 'keep-alive', 'Keep-Alive': 'timeout=5'} 
 body={
    "message": "Cadastro realizado com sucesso",
    "_id": "URsSUTAmuR0D2cDT"
} 
 </msg>
<msg timestamp="20220803 12:04:32.333" level="INFO">${response} = &lt;Response [201]&gt;</msg>
<status status="PASS" starttime="20220803 12:04:32.329" endtime="20220803 12:04:32.333"/>
</kw>
<kw name="Set Global Variable" library="BuiltIn">
<arg>${response}</arg>
<doc>Makes a variable available globally in all tests and suites.</doc>
<msg timestamp="20220803 12:04:32.333" level="INFO">${response} = &lt;Response [201]&gt;</msg>
<status status="PASS" starttime="20220803 12:04:32.333" endtime="20220803 12:04:32.333"/>
</kw>
<status status="PASS" starttime="20220803 12:04:32.329" endtime="20220803 12:04:32.333"/>
</kw>
<kw name="Armazenar ID" library="usuarios_keywords">
<kw name="Set Variable" library="BuiltIn">
<var>${id_usuario}</var>
<arg>${response.json()["_id"]}</arg>
<doc>Returns the given values which can then be assigned to a variables.</doc>
<msg timestamp="20220803 12:04:32.334" level="INFO">${id_usuario} = URsSUTAmuR0D2cDT</msg>
<status status="PASS" starttime="20220803 12:04:32.333" endtime="20220803 12:04:32.334"/>
</kw>
<kw name="Set Global Variable" library="BuiltIn">
<arg>${id_usuario}</arg>
<doc>Makes a variable available globally in all tests and suites.</doc>
<msg timestamp="20220803 12:04:32.334" level="INFO">${id_usuario} = URsSUTAmuR0D2cDT</msg>
<status status="PASS" starttime="20220803 12:04:32.334" endtime="20220803 12:04:32.334"/>
</kw>
<status status="PASS" starttime="20220803 12:04:32.333" endtime="20220803 12:04:32.334"/>
</kw>
<status status="PASS" starttime="20220803 12:04:32.326" endtime="20220803 12:04:32.334"/>
</kw>
<kw name="POST Endpoint /login" library="login_keywords">
<kw name="Create Dictionary" library="BuiltIn">
<var>&amp;{payload}</var>
<arg>email=${email}</arg>
<arg>password=senha123</arg>
<doc>Creates and returns a dictionary based on the given ``items``.</doc>
<msg timestamp="20220803 12:04:32.335" level="INFO">&amp;{payload} = { email=antonioviana@example.com | password=senha123 }</msg>
<status status="PASS" starttime="20220803 12:04:32.335" endtime="20220803 12:04:32.335"/>
</kw>
<kw name="POST On Session" library="RequestsLibrary">
<var>${response}</var>
<arg>serverest</arg>
<arg>/login</arg>
<arg>data=&amp;{payload}</arg>
<doc>Sends a POST request on a previously created HTTP Session.</doc>
<msg timestamp="20220803 12:04:32.338" level="INFO">POST Request : url=http://localhost:3000/login 
 path_url=/login 
 headers={'User-Agent': 'python-requests/2.28.1', 'Accept-Encoding': 'gzip, deflate', 'Accept': '*/*', 'Connection': 'keep-alive', 'Content-Length': '50', 'Content-Type': 'application/x-www-form-urlencoded'} 
 body=email=antonioviana%40example.com&amp;password=senha123 
 </msg>
<msg timestamp="20220803 12:04:32.338" level="INFO">POST Response : url=http://localhost:3000/login 
 status=200, reason=OK 
 headers={'Access-Control-Allow-Origin': '*', 'x-dns-prefetch-control': 'off', 'x-frame-options': 'SAMEORIGIN', 'strict-transport-security': 'max-age=15552000; includeSubDomains', 'x-download-options': 'noopen', 'x-content-type-options': 'nosniff', 'x-xss-protection': '1; mode=block', 'x-moesif-transaction-id': 'a6242156-95d9-4331-b632-859dd5acd4da', 'Content-Type': 'application/json; charset=utf-8', 'Content-Length': '284', 'Date': 'Wed, 03 Aug 2022 15:04:32 GMT', 'Connection': 'keep-alive', 'Keep-Alive': 'timeout=5'} 
 body={
    "message": "Login realizado com sucesso",
    "authorization": "Bearer eyJhbGciOiJIUzI1NiIsInR5cCI6IkpXVCJ9.eyJlbWFpbCI6ImFudG9uaW92aWFuYUBleGFtcGxlLmNvbSIsInBhc3N3b3JkIjoic2VuaGExMjMiLCJpYXQiOjE2NTk1MzkwNzIsImV4cCI6MTY1OTUzOTY3Mn0.Yp7ZB2d2z3jq85a4zJK-ZmOyPVjbbPQn4EazqgWyDqk"
} 
 </msg>
<msg timestamp="20220803 12:04:32.339" level="INFO">${response} = &lt;Response [200]&gt;</msg>
<status status="PASS" starttime="20220803 12:04:32.335" endtime="20220803 12:04:32.339"/>
</kw>
<kw name="Set Global Variable" library="BuiltIn">
<arg>${response}</arg>
<doc>Makes a variable available globally in all tests and suites.</doc>
<msg timestamp="20220803 12:04:32.339" level="INFO">${response} = &lt;Response [200]&gt;</msg>
<status status="PASS" starttime="20220803 12:04:32.339" endtime="20220803 12:04:32.339"/>
</kw>
<status status="PASS" starttime="20220803 12:04:32.334" endtime="20220803 12:04:32.339"/>
</kw>
<kw name="Set Variable" library="BuiltIn">
<var>${token_auth}</var>
<arg>${response.json()["authorization"]}</arg>
<doc>Returns the given values which can then be assigned to a variables.</doc>
<msg timestamp="20220803 12:04:32.339" level="INFO">${token_auth} = Bearer eyJhbGciOiJIUzI1NiIsInR5cCI6IkpXVCJ9.eyJlbWFpbCI6ImFudG9uaW92aWFuYUBleGFtcGxlLmNvbSIsInBhc3N3b3JkIjoic2VuaGExMjMiLCJpYXQiOjE2NTk1MzkwNzIsImV4cCI6MTY1OTUzOTY3Mn0.Yp7ZB2d2z3jq85a4zJK-ZmOyPVjbbPQn...</msg>
<status status="PASS" starttime="20220803 12:04:32.339" endtime="20220803 12:04:32.339"/>
</kw>
<kw name="Set Global Variable" library="BuiltIn">
<arg>${token_auth}</arg>
<doc>Makes a variable available globally in all tests and suites.</doc>
<msg timestamp="20220803 12:04:32.340" level="INFO">${token_auth} = Bearer eyJhbGciOiJIUzI1NiIsInR5cCI6IkpXVCJ9.eyJlbWFpbCI6ImFudG9uaW92aWFuYUBleGFtcGxlLmNvbSIsInBhc3N3b3JkIjoic2VuaGExMjMiLCJpYXQiOjE2NTk1MzkwNzIsImV4cCI6MTY1OTUzOTY3Mn0.Yp7ZB2d2z3jq85a4zJK-ZmOyPVjbbPQn...</msg>
<status status="PASS" starttime="20220803 12:04:32.340" endtime="20220803 12:04:32.340"/>
</kw>
<status status="PASS" starttime="20220803 12:04:32.326" endtime="20220803 12:04:32.340"/>
</kw>
<kw name="Criar Produto Dinamico" library="produtos_keywords">
<kw name="Criar Dados Produto Valido" library="dynamics">
<kw name="Word" library="FakerLibrary">
<var>${nome_produto}</var>
<doc>Generate a word.</doc>
<msg timestamp="20220803 12:04:32.340" level="INFO">${nome_produto} = occaecati</msg>
<status status="PASS" starttime="20220803 12:04:32.340" endtime="20220803 12:04:32.340"/>
</kw>
<kw name="Random Number" library="FakerLibrary">
<var>${preco}</var>
<arg>digits=3</arg>
<arg>fix_len=true</arg>
<doc>Generate a random integer according to the following rules:</doc>
<msg timestamp="20220803 12:04:32.341" level="INFO">${preco} = 753</msg>
<status status="PASS" starttime="20220803 12:04:32.340" endtime="20220803 12:04:32.341"/>
</kw>
<kw name="Color Name" library="FakerLibrary">
<var>${descricao}</var>
<doc>Generate a color name.</doc>
<msg timestamp="20220803 12:04:32.341" level="INFO">${descricao} = Água-marinha média</msg>
<status status="PASS" starttime="20220803 12:04:32.341" endtime="20220803 12:04:32.341"/>
</kw>
<kw name="Random Number" library="FakerLibrary">
<var>${quantidade}</var>
<arg>digits=3</arg>
<arg>fix_len=true</arg>
<doc>Generate a random integer according to the following rules:</doc>
<msg timestamp="20220803 12:04:32.341" level="INFO">${quantidade} = 459</msg>
<status status="PASS" starttime="20220803 12:04:32.341" endtime="20220803 12:04:32.341"/>
</kw>
<kw name="Create Dictionary" library="BuiltIn">
<var>${payload}</var>
<arg>nome=${nome_produto}</arg>
<arg>preco=${preco}</arg>
<arg>descricao=${descricao}</arg>
<arg>quantidade=${quantidade}</arg>
<doc>Creates and returns a dictionary based on the given ``items``.</doc>
<msg timestamp="20220803 12:04:32.341" level="INFO">${payload} = {'nome': 'occaecati', 'preco': 753, 'descricao': 'Água-marinha média', 'quantidade': 459}</msg>
<status status="PASS" starttime="20220803 12:04:32.341" endtime="20220803 12:04:32.342"/>
</kw>
<kw name="Set Variable" library="BuiltIn">
<var>${quant_original}</var>
<arg>${quantidade}</arg>
<doc>Returns the given values which can then be assigned to a variables.</doc>
<msg timestamp="20220803 12:04:32.342" level="INFO">${quant_original} = 459</msg>
<status status="PASS" starttime="20220803 12:04:32.342" endtime="20220803 12:04:32.342"/>
</kw>
<kw name="Set Global Variable" library="BuiltIn">
<arg>${payload}</arg>
<doc>Makes a variable available globally in all tests and suites.</doc>
<msg timestamp="20220803 12:04:32.342" level="INFO">${payload} = {'nome': 'occaecati', 'preco': 753, 'descricao': 'Água-marinha média', 'quantidade': 459}</msg>
<status status="PASS" starttime="20220803 12:04:32.342" endtime="20220803 12:04:32.342"/>
</kw>
<kw name="Set Global Variable" library="BuiltIn">
<arg>${quant_original}</arg>
<doc>Makes a variable available globally in all tests and suites.</doc>
<msg timestamp="20220803 12:04:32.342" level="INFO">${quant_original} = 459</msg>
<status status="PASS" starttime="20220803 12:04:32.342" endtime="20220803 12:04:32.342"/>
</kw>
<status status="PASS" starttime="20220803 12:04:32.340" endtime="20220803 12:04:32.342"/>
</kw>
<kw name="POST Endpoint /produtos" library="produtos_keywords">
<kw name="Create Dictionary" library="BuiltIn">
<var>&amp;{header}</var>
<arg>Authorization=${token_auth}</arg>
<doc>Creates and returns a dictionary based on the given ``items``.</doc>
<msg timestamp="20220803 12:04:32.343" level="INFO">&amp;{header} = { Authorization=Bearer eyJhbGciOiJIUzI1NiIsInR5cCI6IkpXVCJ9.eyJlbWFpbCI6ImFudG9uaW92aWFuYUBleGFtcGxlLmNvbSIsInBhc3N3b3JkIjoic2VuaGExMjMiLCJpYXQiOjE2NTk1MzkwNzIsImV4cCI6MTY1OTUzOTY3Mn0.Yp7ZB2d2z3jq85a4...</msg>
<status status="PASS" starttime="20220803 12:04:32.343" endtime="20220803 12:04:32.343"/>
</kw>
<kw name="POST On Session" library="RequestsLibrary">
<var>${response}</var>
<arg>serverest</arg>
<arg>/produtos</arg>
<arg>json=&amp;{payload}</arg>
<arg>headers=${header}</arg>
<arg>expected_status=anything</arg>
<doc>Sends a POST request on a previously created HTTP Session.</doc>
<msg timestamp="20220803 12:04:32.347" level="INFO">POST Request : url=http://localhost:3000/produtos 
 path_url=/produtos 
 headers={'User-Agent': 'python-requests/2.28.1', 'Accept-Encoding': 'gzip, deflate', 'Accept': '*/*', 'Connection': 'keep-alive', 'Authorization': 'Bearer eyJhbGciOiJIUzI1NiIsInR5cCI6IkpXVCJ9.eyJlbWFpbCI6ImFudG9uaW92aWFuYUBleGFtcGxlLmNvbSIsInBhc3N3b3JkIjoic2VuaGExMjMiLCJpYXQiOjE2NTk1MzkwNzIsImV4cCI6MTY1OTUzOTY3Mn0.Yp7ZB2d2z3jq85a4zJK-ZmOyPVjbbPQn4EazqgWyDqk', 'Content-Length': '99', 'Content-Type': 'application/json'} 
 body=b'{"nome": "occaecati", "preco": 753, "descricao": "\\u00c1gua-marinha m\\u00e9dia", "quantidade": 459}' 
 </msg>
<msg timestamp="20220803 12:04:32.347" level="INFO">POST Response : url=http://localhost:3000/produtos 
 status=201, reason=Created 
 headers={'Access-Control-Allow-Origin': '*', 'x-dns-prefetch-control': 'off', 'x-frame-options': 'SAMEORIGIN', 'strict-transport-security': 'max-age=15552000; includeSubDomains', 'x-download-options': 'noopen', 'x-content-type-options': 'nosniff', 'x-xss-protection': '1; mode=block', 'x-moesif-transaction-id': '3ab178a9-58d7-4028-a527-622c49604be6', 'Content-Type': 'application/json; charset=utf-8', 'Content-Length': '82', 'Date': 'Wed, 03 Aug 2022 15:04:32 GMT', 'Connection': 'keep-alive', 'Keep-Alive': 'timeout=5'} 
 body={
    "message": "Cadastro realizado com sucesso",
    "_id": "pNLh9fryrum5ENSK"
} 
 </msg>
<msg timestamp="20220803 12:04:32.347" level="INFO">${response} = &lt;Response [201]&gt;</msg>
<status status="PASS" starttime="20220803 12:04:32.343" endtime="20220803 12:04:32.347"/>
</kw>
<kw name="Set Global Variable" library="BuiltIn">
<arg>${response}</arg>
<doc>Makes a variable available globally in all tests and suites.</doc>
<msg timestamp="20220803 12:04:32.348" level="INFO">${response} = &lt;Response [201]&gt;</msg>
<status status="PASS" starttime="20220803 12:04:32.347" endtime="20220803 12:04:32.348"/>
</kw>
<status status="PASS" starttime="20220803 12:04:32.343" endtime="20220803 12:04:32.348"/>
</kw>
<kw name="Armazenar ID Produto" library="produtos_keywords">
<kw name="Set Variable" library="BuiltIn">
<var>${id_produto}</var>
<arg>${response.json()["_id"]}</arg>
<doc>Returns the given values which can then be assigned to a variables.</doc>
<msg timestamp="20220803 12:04:32.349" level="INFO">${id_produto} = pNLh9fryrum5ENSK</msg>
<status status="PASS" starttime="20220803 12:04:32.348" endtime="20220803 12:04:32.349"/>
</kw>
<kw name="Set Global Variable" library="BuiltIn">
<arg>${id_produto}</arg>
<doc>Makes a variable available globally in all tests and suites.</doc>
<msg timestamp="20220803 12:04:32.350" level="INFO">${id_produto} = pNLh9fryrum5ENSK</msg>
<status status="PASS" starttime="20220803 12:04:32.349" endtime="20220803 12:04:32.350"/>
</kw>
<status status="PASS" starttime="20220803 12:04:32.348" endtime="20220803 12:04:32.350"/>
</kw>
<status status="PASS" starttime="20220803 12:04:32.340" endtime="20220803 12:04:32.350"/>
</kw>
<kw name="Criar Dados Carrinho Valido" library="dynamics">
<kw name="Random Number" library="FakerLibrary">
<var>${quantidade}</var>
<arg>digits=1</arg>
<arg>fix_len=true</arg>
<doc>Generate a random integer according to the following rules:</doc>
<msg timestamp="20220803 12:04:32.351" level="INFO">${quantidade} = 5</msg>
<status status="PASS" starttime="20220803 12:04:32.350" endtime="20220803 12:04:32.351"/>
</kw>
<kw name="Convert String to JSON" library="RPA.JSON">
<var>${produtos}</var>
<arg>[{"idProduto": "id", "quantidade": 1}]</arg>
<doc>Convert a string to a JSON serializable object and return it.</doc>
<msg timestamp="20220803 12:04:32.351" level="INFO">${produtos} = [{'idProduto': 'id', 'quantidade': 1}]</msg>
<status status="PASS" starttime="20220803 12:04:32.351" endtime="20220803 12:04:32.351"/>
</kw>
<kw name="Update value to JSON" library="RPA.JSON">
<var>${produtos}</var>
<arg>${produtos}</arg>
<arg>$..quantidade</arg>
<arg>${quantidade}</arg>
<doc>Update existing values in a JSON serializable object and return the result.
Will change all values that match the expression.</doc>
<msg timestamp="20220803 12:04:32.359" level="INFO">Update JSON with expression: '$..quantidade'</msg>
<msg timestamp="20220803 12:04:32.377" level="INFO">${produtos} = [{'idProduto': 'id', 'quantidade': 5}]</msg>
<status status="PASS" starttime="20220803 12:04:32.351" endtime="20220803 12:04:32.377"/>
</kw>
<kw name="Update value to JSON" library="RPA.JSON">
<var>${produtos}</var>
<arg>${produtos}</arg>
<arg>$..idProduto</arg>
<arg>${id_produto}</arg>
<doc>Update existing values in a JSON serializable object and return the result.
Will change all values that match the expression.</doc>
<msg timestamp="20220803 12:04:32.377" level="INFO">Update JSON with expression: '$..idProduto'</msg>
<msg timestamp="20220803 12:04:32.391" level="INFO">${produtos} = [{'idProduto': 'pNLh9fryrum5ENSK', 'quantidade': 5}]</msg>
<status status="PASS" starttime="20220803 12:04:32.377" endtime="20220803 12:04:32.391"/>
</kw>
<kw name="Create Dictionary" library="BuiltIn">
<var>&amp;{payload}</var>
<arg>produtos=${produtos}</arg>
<doc>Creates and returns a dictionary based on the given ``items``.</doc>
<msg timestamp="20220803 12:04:32.392" level="INFO">&amp;{payload} = { produtos=[{'idProduto': 'pNLh9fryrum5ENSK', 'quantidade': 5}] }</msg>
<status status="PASS" starttime="20220803 12:04:32.391" endtime="20220803 12:04:32.392"/>
</kw>
<kw name="Set Variable" library="BuiltIn">
<var>${quant_carrinho}</var>
<arg>${quantidade}</arg>
<doc>Returns the given values which can then be assigned to a variables.</doc>
<msg timestamp="20220803 12:04:32.392" level="INFO">${quant_carrinho} = 5</msg>
<status status="PASS" starttime="20220803 12:04:32.392" endtime="20220803 12:04:32.392"/>
</kw>
<kw name="Set Global Variable" library="BuiltIn">
<arg>${payload}</arg>
<doc>Makes a variable available globally in all tests and suites.</doc>
<msg timestamp="20220803 12:04:32.392" level="INFO">${payload} = {'produtos': [{'idProduto': 'pNLh9fryrum5ENSK', 'quantidade': 5}]}</msg>
<status status="PASS" starttime="20220803 12:04:32.392" endtime="20220803 12:04:32.392"/>
</kw>
<kw name="Set Global Variable" library="BuiltIn">
<arg>${quant_carrinho}</arg>
<doc>Makes a variable available globally in all tests and suites.</doc>
<msg timestamp="20220803 12:04:32.393" level="INFO">${quant_carrinho} = 5</msg>
<status status="PASS" starttime="20220803 12:04:32.392" endtime="20220803 12:04:32.393"/>
</kw>
<status status="PASS" starttime="20220803 12:04:32.350" endtime="20220803 12:04:32.393"/>
</kw>
<kw name="POST Endpoint /carrinhos" library="carrinhos_keywords">
<kw name="Create Dictionary" library="BuiltIn">
<var>&amp;{header}</var>
<arg>Authorization=${token_auth}</arg>
<doc>Creates and returns a dictionary based on the given ``items``.</doc>
<msg timestamp="20220803 12:04:32.393" level="INFO">&amp;{header} = { Authorization=Bearer eyJhbGciOiJIUzI1NiIsInR5cCI6IkpXVCJ9.eyJlbWFpbCI6ImFudG9uaW92aWFuYUBleGFtcGxlLmNvbSIsInBhc3N3b3JkIjoic2VuaGExMjMiLCJpYXQiOjE2NTk1MzkwNzIsImV4cCI6MTY1OTUzOTY3Mn0.Yp7ZB2d2z3jq85a4...</msg>
<status status="PASS" starttime="20220803 12:04:32.393" endtime="20220803 12:04:32.393"/>
</kw>
<kw name="POST On Session" library="RequestsLibrary">
<var>${response}</var>
<arg>serverest</arg>
<arg>/carrinhos</arg>
<arg>json=&amp;{payload}</arg>
<arg>headers=${header}</arg>
<arg>expected_status=anything</arg>
<doc>Sends a POST request on a previously created HTTP Session.</doc>
<msg timestamp="20220803 12:04:32.399" level="INFO">POST Request : url=http://localhost:3000/carrinhos 
 path_url=/carrinhos 
 headers={'User-Agent': 'python-requests/2.28.1', 'Accept-Encoding': 'gzip, deflate', 'Accept': '*/*', 'Connection': 'keep-alive', 'Authorization': 'Bearer eyJhbGciOiJIUzI1NiIsInR5cCI6IkpXVCJ9.eyJlbWFpbCI6ImFudG9uaW92aWFuYUBleGFtcGxlLmNvbSIsInBhc3N3b3JkIjoic2VuaGExMjMiLCJpYXQiOjE2NTk1MzkwNzIsImV4cCI6MTY1OTUzOTY3Mn0.Yp7ZB2d2z3jq85a4zJK-ZmOyPVjbbPQn4EazqgWyDqk', 'Content-Length': '66', 'Content-Type': 'application/json'} 
 body=b'{"produtos": [{"idProduto": "pNLh9fryrum5ENSK", "quantidade": 5}]}' 
 </msg>
<msg timestamp="20220803 12:04:32.399" level="INFO">POST Response : url=http://localhost:3000/carrinhos 
 status=201, reason=Created 
 headers={'Access-Control-Allow-Origin': '*', 'x-dns-prefetch-control': 'off', 'x-frame-options': 'SAMEORIGIN', 'strict-transport-security': 'max-age=15552000; includeSubDomains', 'x-download-options': 'noopen', 'x-content-type-options': 'nosniff', 'x-xss-protection': '1; mode=block', 'x-moesif-transaction-id': '72e6b1cc-ce34-4e58-8383-9e1355400bd9', 'Content-Type': 'application/json; charset=utf-8', 'Content-Length': '82', 'Date': 'Wed, 03 Aug 2022 15:04:32 GMT', 'Connection': 'keep-alive', 'Keep-Alive': 'timeout=5'} 
 body={
    "message": "Cadastro realizado com sucesso",
    "_id": "BfCSfUtOVIZ7MpX1"
} 
 </msg>
<msg timestamp="20220803 12:04:32.399" level="INFO">${response} = &lt;Response [201]&gt;</msg>
<status status="PASS" starttime="20220803 12:04:32.393" endtime="20220803 12:04:32.399"/>
</kw>
<kw name="Set Global Variable" library="BuiltIn">
<arg>${response}</arg>
<doc>Makes a variable available globally in all tests and suites.</doc>
<msg timestamp="20220803 12:04:32.400" level="INFO">${response} = &lt;Response [201]&gt;</msg>
<status status="PASS" starttime="20220803 12:04:32.399" endtime="20220803 12:04:32.400"/>
</kw>
<status status="PASS" starttime="20220803 12:04:32.393" endtime="20220803 12:04:32.400"/>
</kw>
<kw name="Set Variable" library="BuiltIn">
<var>${id_carrinho}</var>
<arg>${response.json()["_id"]}</arg>
<doc>Returns the given values which can then be assigned to a variables.</doc>
<msg timestamp="20220803 12:04:32.401" level="INFO">${id_carrinho} = BfCSfUtOVIZ7MpX1</msg>
<status status="PASS" starttime="20220803 12:04:32.400" endtime="20220803 12:04:32.401"/>
</kw>
<kw name="Set Global Variable" library="BuiltIn">
<arg>${id_carrinho}</arg>
<doc>Makes a variable available globally in all tests and suites.</doc>
<msg timestamp="20220803 12:04:32.402" level="INFO">${id_carrinho} = BfCSfUtOVIZ7MpX1</msg>
<status status="PASS" starttime="20220803 12:04:32.401" endtime="20220803 12:04:32.402"/>
</kw>
<status status="PASS" starttime="20220803 12:04:32.326" endtime="20220803 12:04:32.402"/>
</kw>
<kw name="GET Endpoint carrinhos/{_id}" library="carrinhos_keywords">
<kw name="GET On Session" library="RequestsLibrary">
<var>${response}</var>
<arg>serverest</arg>
<arg>/carrinhos/${id_carrinho}</arg>
<arg>expected_status=anything</arg>
<doc>Sends a GET request on a previously created HTTP Session.</doc>
<msg timestamp="20220803 12:04:32.408" level="INFO">GET Request : url=http://localhost:3000/carrinhos/BfCSfUtOVIZ7MpX1 
 path_url=/carrinhos/BfCSfUtOVIZ7MpX1 
 headers={'User-Agent': 'python-requests/2.28.1', 'Accept-Encoding': 'gzip, deflate', 'Accept': '*/*', 'Connection': 'keep-alive'} 
 body=None 
 </msg>
<msg timestamp="20220803 12:04:32.408" level="INFO">GET Response : url=http://localhost:3000/carrinhos/BfCSfUtOVIZ7MpX1 
 status=200, reason=OK 
 headers={'Access-Control-Allow-Origin': '*', 'x-dns-prefetch-control': 'off', 'x-frame-options': 'SAMEORIGIN', 'strict-transport-security': 'max-age=15552000; includeSubDomains', 'x-download-options': 'noopen', 'x-content-type-options': 'nosniff', 'x-xss-protection': '1; mode=block', 'x-moesif-transaction-id': '4a1627fe-07e4-4b24-8ae9-2167f95da4b6', 'Content-Type': 'application/json; charset=utf-8', 'Content-Length': '272', 'Date': 'Wed, 03 Aug 2022 15:04:32 GMT', 'Connection': 'keep-alive', 'Keep-Alive': 'timeout=5'} 
 body={
    "produtos": [
        {
            "idProduto": "pNLh9fryrum5ENSK",
            "quantidade": 5,
            "precoUnitario": 753
        }
    ],
    "precoTotal": 3765,
    "quantidadeTotal": 5,
    "idUsuario": "URsSUTAmuR0D2cDT",
    "_id": "BfCSfUtOVIZ7MpX1"
} 
 </msg>
<msg timestamp="20220803 12:04:32.408" level="INFO">${response} = &lt;Response [200]&gt;</msg>
<status status="PASS" starttime="20220803 12:04:32.403" endtime="20220803 12:04:32.408"/>
</kw>
<kw name="Set Global Variable" library="BuiltIn">
<arg>${response}</arg>
<doc>Makes a variable available globally in all tests and suites.</doc>
<msg timestamp="20220803 12:04:32.409" level="INFO">${response} = &lt;Response [200]&gt;</msg>
<status status="PASS" starttime="20220803 12:04:32.408" endtime="20220803 12:04:32.409"/>
</kw>
<status status="PASS" starttime="20220803 12:04:32.402" endtime="20220803 12:04:32.409"/>
</kw>
<kw name="Mostrar Response" library="common">
<kw name="Log To Console" library="BuiltIn">
<arg>\n\nResponse: ${response.content}</arg>
<doc>Logs the given message to the console.</doc>
<status status="PASS" starttime="20220803 12:04:32.410" endtime="20220803 12:04:32.411"/>
</kw>
<status status="PASS" starttime="20220803 12:04:32.409" endtime="20220803 12:04:32.411"/>
</kw>
<kw name="Validar Status Code &quot;200&quot;" library="common" sourcename="Validar Status Code &quot;${statuscode}&quot;">
<kw name="Should Be True" library="BuiltIn">
<arg>${response.status_code} == ${statuscode}</arg>
<doc>Fails if the given condition is not true.</doc>
<status status="PASS" starttime="20220803 12:04:32.412" endtime="20220803 12:04:32.414"/>
</kw>
<kw name="Log To Console" library="BuiltIn">
<arg>\nStatus Code Esperado: ${statuscode} \nRetornado: ${response.status_code}\n</arg>
<doc>Logs the given message to the console.</doc>
<status status="PASS" starttime="20220803 12:04:32.414" endtime="20220803 12:04:32.415"/>
</kw>
<status status="PASS" starttime="20220803 12:04:32.412" endtime="20220803 12:04:32.415"/>
</kw>
<kw name="Deletar Dados da Base" library="common">
<kw name="DELETE Endpoint /carrinhos/cancelar-compra" library="carrinhos_keywords">
<kw name="Create Dictionary" library="BuiltIn">
<var>&amp;{header}</var>
<arg>Authorization=${token_auth}</arg>
<doc>Creates and returns a dictionary based on the given ``items``.</doc>
<msg timestamp="20220803 12:04:32.417" level="INFO">&amp;{header} = { Authorization=Bearer eyJhbGciOiJIUzI1NiIsInR5cCI6IkpXVCJ9.eyJlbWFpbCI6ImFudG9uaW92aWFuYUBleGFtcGxlLmNvbSIsInBhc3N3b3JkIjoic2VuaGExMjMiLCJpYXQiOjE2NTk1MzkwNzIsImV4cCI6MTY1OTUzOTY3Mn0.Yp7ZB2d2z3jq85a4...</msg>
<status status="PASS" starttime="20220803 12:04:32.416" endtime="20220803 12:04:32.418"/>
</kw>
<kw name="DELETE On Session" library="RequestsLibrary">
<var>${response}</var>
<arg>serverest</arg>
<arg>/carrinhos/cancelar-compra</arg>
<arg>headers=${header}</arg>
<arg>expected_status=anything</arg>
<doc>Sends a DELETE request on a previously created HTTP Session.</doc>
<msg timestamp="20220803 12:04:32.425" level="INFO">DELETE Request : url=http://localhost:3000/carrinhos/cancelar-compra 
 path_url=/carrinhos/cancelar-compra 
 headers={'User-Agent': 'python-requests/2.28.1', 'Accept-Encoding': 'gzip, deflate', 'Accept': '*/*', 'Connection': 'keep-alive', 'Authorization': 'Bearer eyJhbGciOiJIUzI1NiIsInR5cCI6IkpXVCJ9.eyJlbWFpbCI6ImFudG9uaW92aWFuYUBleGFtcGxlLmNvbSIsInBhc3N3b3JkIjoic2VuaGExMjMiLCJpYXQiOjE2NTk1MzkwNzIsImV4cCI6MTY1OTUzOTY3Mn0.Yp7ZB2d2z3jq85a4zJK-ZmOyPVjbbPQn4EazqgWyDqk', 'Content-Length': '0'} 
 body=None 
 </msg>
<msg timestamp="20220803 12:04:32.425" level="INFO">DELETE Response : url=http://localhost:3000/carrinhos/cancelar-compra 
 status=200, reason=OK 
 headers={'Access-Control-Allow-Origin': '*', 'x-dns-prefetch-control': 'off', 'x-frame-options': 'SAMEORIGIN', 'strict-transport-security': 'max-age=15552000; includeSubDomains', 'x-download-options': 'noopen', 'x-content-type-options': 'nosniff', 'x-xss-protection': '1; mode=block', 'x-moesif-transaction-id': 'c7f3ce72-e527-4c3d-859b-affa264fa324', 'Content-Type': 'application/json; charset=utf-8', 'Content-Length': '86', 'Date': 'Wed, 03 Aug 2022 15:04:32 GMT', 'Connection': 'keep-alive', 'Keep-Alive': 'timeout=5'} 
 body={
    "message": "Registro excluído com sucesso. Estoque dos produtos reabastecido"
} 
 </msg>
<msg timestamp="20220803 12:04:32.426" level="INFO">${response} = &lt;Response [200]&gt;</msg>
<status status="PASS" starttime="20220803 12:04:32.418" endtime="20220803 12:04:32.426"/>
</kw>
<kw name="Set Global Variable" library="BuiltIn">
<arg>${response}</arg>
<doc>Makes a variable available globally in all tests and suites.</doc>
<msg timestamp="20220803 12:04:32.426" level="INFO">${response} = &lt;Response [200]&gt;</msg>
<status status="PASS" starttime="20220803 12:04:32.426" endtime="20220803 12:04:32.426"/>
</kw>
<status status="PASS" starttime="20220803 12:04:32.416" endtime="20220803 12:04:32.426"/>
</kw>
<kw name="DELETE Endpoint /produtos" library="produtos_keywords">
<kw name="Create Dictionary" library="BuiltIn">
<var>&amp;{header}</var>
<arg>Authorization=${token_auth}</arg>
<doc>Creates and returns a dictionary based on the given ``items``.</doc>
<msg timestamp="20220803 12:04:32.427" level="INFO">&amp;{header} = { Authorization=Bearer eyJhbGciOiJIUzI1NiIsInR5cCI6IkpXVCJ9.eyJlbWFpbCI6ImFudG9uaW92aWFuYUBleGFtcGxlLmNvbSIsInBhc3N3b3JkIjoic2VuaGExMjMiLCJpYXQiOjE2NTk1MzkwNzIsImV4cCI6MTY1OTUzOTY3Mn0.Yp7ZB2d2z3jq85a4...</msg>
<status status="PASS" starttime="20220803 12:04:32.427" endtime="20220803 12:04:32.427"/>
</kw>
<kw name="DELETE On Session" library="RequestsLibrary">
<var>${response}</var>
<arg>serverest</arg>
<arg>/produtos/${id_produto}</arg>
<arg>headers=${header}</arg>
<arg>expected_status=anything</arg>
<doc>Sends a DELETE request on a previously created HTTP Session.</doc>
<msg timestamp="20220803 12:04:32.434" level="INFO">DELETE Request : url=http://localhost:3000/produtos/pNLh9fryrum5ENSK 
 path_url=/produtos/pNLh9fryrum5ENSK 
 headers={'User-Agent': 'python-requests/2.28.1', 'Accept-Encoding': 'gzip, deflate', 'Accept': '*/*', 'Connection': 'keep-alive', 'Authorization': 'Bearer eyJhbGciOiJIUzI1NiIsInR5cCI6IkpXVCJ9.eyJlbWFpbCI6ImFudG9uaW92aWFuYUBleGFtcGxlLmNvbSIsInBhc3N3b3JkIjoic2VuaGExMjMiLCJpYXQiOjE2NTk1MzkwNzIsImV4cCI6MTY1OTUzOTY3Mn0.Yp7ZB2d2z3jq85a4zJK-ZmOyPVjbbPQn4EazqgWyDqk', 'Content-Length': '0'} 
 body=None 
 </msg>
<msg timestamp="20220803 12:04:32.434" level="INFO">DELETE Response : url=http://localhost:3000/produtos/pNLh9fryrum5ENSK 
 status=200, reason=OK 
 headers={'Access-Control-Allow-Origin': '*', 'x-dns-prefetch-control': 'off', 'x-frame-options': 'SAMEORIGIN', 'strict-transport-security': 'max-age=15552000; includeSubDomains', 'x-download-options': 'noopen', 'x-content-type-options': 'nosniff', 'x-xss-protection': '1; mode=block', 'x-moesif-transaction-id': '0a741794-98ab-4969-97d4-98467d799b53', 'Content-Type': 'application/json; charset=utf-8', 'Content-Length': '51', 'Date': 'Wed, 03 Aug 2022 15:04:32 GMT', 'Connection': 'keep-alive', 'Keep-Alive': 'timeout=5'} 
 body={
    "message": "Registro excluído com sucesso"
} 
 </msg>
<msg timestamp="20220803 12:04:32.435" level="INFO">${response} = &lt;Response [200]&gt;</msg>
<status status="PASS" starttime="20220803 12:04:32.428" endtime="20220803 12:04:32.435"/>
</kw>
<kw name="Set Global Variable" library="BuiltIn">
<arg>${response}</arg>
<doc>Makes a variable available globally in all tests and suites.</doc>
<msg timestamp="20220803 12:04:32.435" level="INFO">${response} = &lt;Response [200]&gt;</msg>
<status status="PASS" starttime="20220803 12:04:32.435" endtime="20220803 12:04:32.436"/>
</kw>
<status status="PASS" starttime="20220803 12:04:32.427" endtime="20220803 12:04:32.436"/>
</kw>
<kw name="DELETE Endpoint /usuarios" library="usuarios_keywords">
<kw name="DELETE On Session" library="RequestsLibrary">
<var>${response}</var>
<arg>serverest</arg>
<arg>/usuarios/${id_usuario}</arg>
<arg>expected_status=anything</arg>
<doc>Sends a DELETE request on a previously created HTTP Session.</doc>
<msg timestamp="20220803 12:04:32.442" level="INFO">DELETE Request : url=http://localhost:3000/usuarios/URsSUTAmuR0D2cDT 
 path_url=/usuarios/URsSUTAmuR0D2cDT 
 headers={'User-Agent': 'python-requests/2.28.1', 'Accept-Encoding': 'gzip, deflate', 'Accept': '*/*', 'Connection': 'keep-alive', 'Content-Length': '0'} 
 body=None 
 </msg>
<msg timestamp="20220803 12:04:32.442" level="INFO">DELETE Response : url=http://localhost:3000/usuarios/URsSUTAmuR0D2cDT 
 status=200, reason=OK 
 headers={'Access-Control-Allow-Origin': '*', 'x-dns-prefetch-control': 'off', 'x-frame-options': 'SAMEORIGIN', 'strict-transport-security': 'max-age=15552000; includeSubDomains', 'x-download-options': 'noopen', 'x-content-type-options': 'nosniff', 'x-xss-protection': '1; mode=block', 'x-moesif-transaction-id': 'ccd2f9ad-046f-43b4-8e65-1b88616dd1f7', 'Content-Type': 'application/json; charset=utf-8', 'Content-Length': '51', 'Date': 'Wed, 03 Aug 2022 15:04:32 GMT', 'Connection': 'keep-alive', 'Keep-Alive': 'timeout=5'} 
 body={
    "message": "Registro excluído com sucesso"
} 
 </msg>
<msg timestamp="20220803 12:04:32.442" level="INFO">${response} = &lt;Response [200]&gt;</msg>
<status status="PASS" starttime="20220803 12:04:32.436" endtime="20220803 12:04:32.442"/>
</kw>
<kw name="Set Global Variable" library="BuiltIn">
<arg>${response}</arg>
<doc>Makes a variable available globally in all tests and suites.</doc>
<msg timestamp="20220803 12:04:32.442" level="INFO">${response} = &lt;Response [200]&gt;</msg>
<status status="PASS" starttime="20220803 12:04:32.442" endtime="20220803 12:04:32.443"/>
</kw>
<status status="PASS" starttime="20220803 12:04:32.436" endtime="20220803 12:04:32.443"/>
</kw>
<status status="PASS" starttime="20220803 12:04:32.416" endtime="20220803 12:04:32.443"/>
</kw>
<tag>C43</tag>
<status status="PASS" starttime="20220803 12:04:32.326" endtime="20220803 12:04:32.443"/>
</test>
<test id="s1-t3" name="Cenario C44: GET Buscar Carrinho Com ID Invalida 400" line="20">
<kw name="Definir ID Carrinho Inválida" library="carrinhos_keywords">
<kw name="Buscar Carrinho" library="teste_library">
<var>${id_carrinho}</var>
<arg>id_invalida</arg>
<msg timestamp="20220803 12:04:32.499" level="INFO">${id_carrinho} = 00000000000</msg>
<status status="PASS" starttime="20220803 12:04:32.447" endtime="20220803 12:04:32.499"/>
</kw>
<kw name="Set Global Variable" library="BuiltIn">
<arg>${id_carrinho}</arg>
<doc>Makes a variable available globally in all tests and suites.</doc>
<msg timestamp="20220803 12:04:32.499" level="INFO">${id_carrinho} = 00000000000</msg>
<status status="PASS" starttime="20220803 12:04:32.499" endtime="20220803 12:04:32.499"/>
</kw>
<kw name="Log To Console" library="BuiltIn">
<arg>\n\nID Carrinho: ${id_carrinho}</arg>
<doc>Logs the given message to the console.</doc>
<status status="PASS" starttime="20220803 12:04:32.499" endtime="20220803 12:04:32.501"/>
</kw>
<status status="PASS" starttime="20220803 12:04:32.446" endtime="20220803 12:04:32.501"/>
</kw>
<kw name="GET Endpoint carrinhos/{_id}" library="carrinhos_keywords">
<kw name="GET On Session" library="RequestsLibrary">
<var>${response}</var>
<arg>serverest</arg>
<arg>/carrinhos/${id_carrinho}</arg>
<arg>expected_status=anything</arg>
<doc>Sends a GET request on a previously created HTTP Session.</doc>
<msg timestamp="20220803 12:04:32.505" level="INFO">GET Request : url=http://localhost:3000/carrinhos/00000000000 
 path_url=/carrinhos/00000000000 
 headers={'User-Agent': 'python-requests/2.28.1', 'Accept-Encoding': 'gzip, deflate', 'Accept': '*/*', 'Connection': 'keep-alive'} 
 body=None 
 </msg>
<msg timestamp="20220803 12:04:32.505" level="INFO">GET Response : url=http://localhost:3000/carrinhos/00000000000 
 status=400, reason=Bad Request 
 headers={'Access-Control-Allow-Origin': '*', 'x-dns-prefetch-control': 'off', 'x-frame-options': 'SAMEORIGIN', 'strict-transport-security': 'max-age=15552000; includeSubDomains', 'x-download-options': 'noopen', 'x-content-type-options': 'nosniff', 'x-xss-protection': '1; mode=block', 'x-moesif-transaction-id': 'ea56c82d-51d1-40e7-bec3-51ebd8614307', 'Content-Type': 'application/json; charset=utf-8', 'Content-Length': '45', 'Date': 'Wed, 03 Aug 2022 15:04:32 GMT', 'Connection': 'keep-alive', 'Keep-Alive': 'timeout=5'} 
 body={
    "message": "Carrinho não encontrado"
} 
 </msg>
<msg timestamp="20220803 12:04:32.505" level="INFO">${response} = &lt;Response [400]&gt;</msg>
<status status="PASS" starttime="20220803 12:04:32.502" endtime="20220803 12:04:32.505"/>
</kw>
<kw name="Set Global Variable" library="BuiltIn">
<arg>${response}</arg>
<doc>Makes a variable available globally in all tests and suites.</doc>
<msg timestamp="20220803 12:04:32.506" level="INFO">${response} = &lt;Response [400]&gt;</msg>
<status status="PASS" starttime="20220803 12:04:32.506" endtime="20220803 12:04:32.506"/>
</kw>
<status status="PASS" starttime="20220803 12:04:32.502" endtime="20220803 12:04:32.506"/>
</kw>
<kw name="Validar Mensagem &quot;Carrinho não encontrado&quot;" library="common" sourcename="Validar Mensagem &quot;${mensagem}&quot;">
<kw name="Should Be Equal" library="BuiltIn">
<arg>${response.json()["message"]}</arg>
<arg>${mensagem}</arg>
<doc>Fails if the given objects are unequal.</doc>
<status status="PASS" starttime="20220803 12:04:32.506" endtime="20220803 12:04:32.507"/>
</kw>
<kw name="Log To Console" library="BuiltIn">
<arg>\n\nMensagem esperada: ${mensagem} \nRetornada: ${response.json()["message"]}\n</arg>
<doc>Logs the given message to the console.</doc>
<status status="PASS" starttime="20220803 12:04:32.507" endtime="20220803 12:04:32.507"/>
</kw>
<status status="PASS" starttime="20220803 12:04:32.506" endtime="20220803 12:04:32.508"/>
</kw>
<kw name="Validar Status Code &quot;400&quot;" library="common" sourcename="Validar Status Code &quot;${statuscode}&quot;">
<kw name="Should Be True" library="BuiltIn">
<arg>${response.status_code} == ${statuscode}</arg>
<doc>Fails if the given condition is not true.</doc>
<status status="PASS" starttime="20220803 12:04:32.508" endtime="20220803 12:04:32.509"/>
</kw>
<kw name="Log To Console" library="BuiltIn">
<arg>\nStatus Code Esperado: ${statuscode} \nRetornado: ${response.status_code}\n</arg>
<doc>Logs the given message to the console.</doc>
<status status="PASS" starttime="20220803 12:04:32.509" endtime="20220803 12:04:32.509"/>
</kw>
<status status="PASS" starttime="20220803 12:04:32.508" endtime="20220803 12:04:32.509"/>
</kw>
<tag>C44</tag>
<status status="PASS" starttime="20220803 12:04:32.444" endtime="20220803 12:04:32.509"/>
</test>
<test id="s1-t4" name="Cenario C45: POST Cadastrar Carrinho 201" line="27">
<kw name="Criar Carrinho Dinamico" library="carrinhos_keywords">
<kw name="Fazer Login Com Usuario Dinamico" library="login_keywords">
<kw name="POST Criar Usuario Dinamico" library="usuarios_keywords">
<kw name="Criar Dados Usuario Valido" library="dynamics">
<kw name="Name" library="FakerLibrary">
<var>${nome}</var>
<doc>:example 'John Doe'</doc>
<msg timestamp="20220803 12:04:32.512" level="INFO">${nome} = Helena Duarte</msg>
<status status="PASS" starttime="20220803 12:04:32.512" endtime="20220803 12:04:32.512"/>
</kw>
<kw name="Email" library="FakerLibrary">
<var>${email}</var>
<msg timestamp="20220803 12:04:32.512" level="INFO">${email} = gabrielda-rosa@example.org</msg>
<status status="PASS" starttime="20220803 12:04:32.512" endtime="20220803 12:04:32.512"/>
</kw>
<kw name="Create Dictionary" library="BuiltIn">
<var>${payload}</var>
<arg>nome=${nome}</arg>
<arg>email=${email}</arg>
<arg>password=senha123</arg>
<arg>administrador=true</arg>
<doc>Creates and returns a dictionary based on the given ``items``.</doc>
<msg timestamp="20220803 12:04:32.512" level="INFO">${payload} = {'nome': 'Helena Duarte', 'email': 'gabrielda-rosa@example.org', 'password': 'senha123', 'administrador': 'true'}</msg>
<status status="PASS" starttime="20220803 12:04:32.512" endtime="20220803 12:04:32.512"/>
</kw>
<kw name="Set Global Variable" library="BuiltIn">
<arg>${payload}</arg>
<doc>Makes a variable available globally in all tests and suites.</doc>
<msg timestamp="20220803 12:04:32.512" level="INFO">${payload} = {'nome': 'Helena Duarte', 'email': 'gabrielda-rosa@example.org', 'password': 'senha123', 'administrador': 'true'}</msg>
<status status="PASS" starttime="20220803 12:04:32.512" endtime="20220803 12:04:32.512"/>
</kw>
<status status="PASS" starttime="20220803 12:04:32.512" endtime="20220803 12:04:32.512"/>
</kw>
<kw name="Set Variable" library="BuiltIn">
<var>${email}</var>
<arg>${payload["email"]}</arg>
<doc>Returns the given values which can then be assigned to a variables.</doc>
<msg timestamp="20220803 12:04:32.513" level="INFO">${email} = gabrielda-rosa@example.org</msg>
<status status="PASS" starttime="20220803 12:04:32.512" endtime="20220803 12:04:32.513"/>
</kw>
<kw name="Set Global Variable" library="BuiltIn">
<arg>${email}</arg>
<doc>Makes a variable available globally in all tests and suites.</doc>
<msg timestamp="20220803 12:04:32.513" level="INFO">${email} = gabrielda-rosa@example.org</msg>
<status status="PASS" starttime="20220803 12:04:32.513" endtime="20220803 12:04:32.513"/>
</kw>
<kw name="POST Endpoint /usuarios" library="usuarios_keywords">
<kw name="POST On Session" library="RequestsLibrary">
<var>${response}</var>
<arg>serverest</arg>
<arg>/usuarios</arg>
<arg>json=&amp;{payload}</arg>
<arg>expected_status=anything</arg>
<doc>Sends a POST request on a previously created HTTP Session.</doc>
<msg timestamp="20220803 12:04:32.523" level="INFO">POST Request : url=http://localhost:3000/usuarios 
 path_url=/usuarios 
 headers={'User-Agent': 'python-requests/2.28.1', 'Accept-Encoding': 'gzip, deflate', 'Accept': '*/*', 'Connection': 'keep-alive', 'Content-Length': '113', 'Content-Type': 'application/json'} 
 body=b'{"nome": "Helena Duarte", "email": "gabrielda-rosa@example.org", "password": "senha123", "administrador": "true"}' 
 </msg>
<msg timestamp="20220803 12:04:32.523" level="INFO">POST Response : url=http://localhost:3000/usuarios 
 status=201, reason=Created 
 headers={'Access-Control-Allow-Origin': '*', 'x-dns-prefetch-control': 'off', 'x-frame-options': 'SAMEORIGIN', 'strict-transport-security': 'max-age=15552000; includeSubDomains', 'x-download-options': 'noopen', 'x-content-type-options': 'nosniff', 'x-xss-protection': '1; mode=block', 'x-moesif-transaction-id': 'eb819373-00b7-4115-aeea-dbb1d6a06532', 'Content-Type': 'application/json; charset=utf-8', 'Content-Length': '82', 'Date': 'Wed, 03 Aug 2022 15:04:32 GMT', 'Connection': 'keep-alive', 'Keep-Alive': 'timeout=5'} 
 body={
    "message": "Cadastro realizado com sucesso",
    "_id": "IC41Kx1CnoTgvcmt"
} 
 </msg>
<msg timestamp="20220803 12:04:32.523" level="INFO">${response} = &lt;Response [201]&gt;</msg>
<status status="PASS" starttime="20220803 12:04:32.514" endtime="20220803 12:04:32.523"/>
</kw>
<kw name="Set Global Variable" library="BuiltIn">
<arg>${response}</arg>
<doc>Makes a variable available globally in all tests and suites.</doc>
<msg timestamp="20220803 12:04:32.524" level="INFO">${response} = &lt;Response [201]&gt;</msg>
<status status="PASS" starttime="20220803 12:04:32.523" endtime="20220803 12:04:32.524"/>
</kw>
<status status="PASS" starttime="20220803 12:04:32.513" endtime="20220803 12:04:32.524"/>
</kw>
<kw name="Armazenar ID" library="usuarios_keywords">
<kw name="Set Variable" library="BuiltIn">
<var>${id_usuario}</var>
<arg>${response.json()["_id"]}</arg>
<doc>Returns the given values which can then be assigned to a variables.</doc>
<msg timestamp="20220803 12:04:32.524" level="INFO">${id_usuario} = IC41Kx1CnoTgvcmt</msg>
<status status="PASS" starttime="20220803 12:04:32.524" endtime="20220803 12:04:32.524"/>
</kw>
<kw name="Set Global Variable" library="BuiltIn">
<arg>${id_usuario}</arg>
<doc>Makes a variable available globally in all tests and suites.</doc>
<msg timestamp="20220803 12:04:32.525" level="INFO">${id_usuario} = IC41Kx1CnoTgvcmt</msg>
<status status="PASS" starttime="20220803 12:04:32.525" endtime="20220803 12:04:32.525"/>
</kw>
<status status="PASS" starttime="20220803 12:04:32.524" endtime="20220803 12:04:32.525"/>
</kw>
<status status="PASS" starttime="20220803 12:04:32.512" endtime="20220803 12:04:32.525"/>
</kw>
<kw name="POST Endpoint /login" library="login_keywords">
<kw name="Create Dictionary" library="BuiltIn">
<var>&amp;{payload}</var>
<arg>email=${email}</arg>
<arg>password=senha123</arg>
<doc>Creates and returns a dictionary based on the given ``items``.</doc>
<msg timestamp="20220803 12:04:32.525" level="INFO">&amp;{payload} = { email=gabrielda-rosa@example.org | password=senha123 }</msg>
<status status="PASS" starttime="20220803 12:04:32.525" endtime="20220803 12:04:32.525"/>
</kw>
<kw name="POST On Session" library="RequestsLibrary">
<var>${response}</var>
<arg>serverest</arg>
<arg>/login</arg>
<arg>data=&amp;{payload}</arg>
<doc>Sends a POST request on a previously created HTTP Session.</doc>
<msg timestamp="20220803 12:04:32.530" level="INFO">POST Request : url=http://localhost:3000/login 
 path_url=/login 
 headers={'User-Agent': 'python-requests/2.28.1', 'Accept-Encoding': 'gzip, deflate', 'Accept': '*/*', 'Connection': 'keep-alive', 'Content-Length': '52', 'Content-Type': 'application/x-www-form-urlencoded'} 
 body=email=gabrielda-rosa%40example.org&amp;password=senha123 
 </msg>
<msg timestamp="20220803 12:04:32.530" level="INFO">POST Response : url=http://localhost:3000/login 
 status=200, reason=OK 
 headers={'Access-Control-Allow-Origin': '*', 'x-dns-prefetch-control': 'off', 'x-frame-options': 'SAMEORIGIN', 'strict-transport-security': 'max-age=15552000; includeSubDomains', 'x-download-options': 'noopen', 'x-content-type-options': 'nosniff', 'x-xss-protection': '1; mode=block', 'x-moesif-transaction-id': 'b662562f-5823-409d-9c70-12519e7ddce9', 'Content-Type': 'application/json; charset=utf-8', 'Content-Length': '287', 'Date': 'Wed, 03 Aug 2022 15:04:32 GMT', 'Connection': 'keep-alive', 'Keep-Alive': 'timeout=5'} 
 body={
    "message": "Login realizado com sucesso",
    "authorization": "Bearer eyJhbGciOiJIUzI1NiIsInR5cCI6IkpXVCJ9.eyJlbWFpbCI6ImdhYnJpZWxkYS1yb3NhQGV4YW1wbGUub3JnIiwicGFzc3dvcmQiOiJzZW5oYTEyMyIsImlhdCI6MTY1OTUzOTA3MiwiZXhwIjoxNjU5NTM5NjcyfQ.TC20mMXQ6xFtWsBmu1dR-CEdeL90b7aRT_X1GQW_UwY"
} 
 </msg>
<msg timestamp="20220803 12:04:32.530" level="INFO">${response} = &lt;Response [200]&gt;</msg>
<status status="PASS" starttime="20220803 12:04:32.526" endtime="20220803 12:04:32.530"/>
</kw>
<kw name="Set Global Variable" library="BuiltIn">
<arg>${response}</arg>
<doc>Makes a variable available globally in all tests and suites.</doc>
<msg timestamp="20220803 12:04:32.530" level="INFO">${response} = &lt;Response [200]&gt;</msg>
<status status="PASS" starttime="20220803 12:04:32.530" endtime="20220803 12:04:32.531"/>
</kw>
<status status="PASS" starttime="20220803 12:04:32.525" endtime="20220803 12:04:32.531"/>
</kw>
<kw name="Set Variable" library="BuiltIn">
<var>${token_auth}</var>
<arg>${response.json()["authorization"]}</arg>
<doc>Returns the given values which can then be assigned to a variables.</doc>
<msg timestamp="20220803 12:04:32.531" level="INFO">${token_auth} = Bearer eyJhbGciOiJIUzI1NiIsInR5cCI6IkpXVCJ9.eyJlbWFpbCI6ImdhYnJpZWxkYS1yb3NhQGV4YW1wbGUub3JnIiwicGFzc3dvcmQiOiJzZW5oYTEyMyIsImlhdCI6MTY1OTUzOTA3MiwiZXhwIjoxNjU5NTM5NjcyfQ.TC20mMXQ6xFtWsBmu1dR-CEdeL90b...</msg>
<status status="PASS" starttime="20220803 12:04:32.531" endtime="20220803 12:04:32.531"/>
</kw>
<kw name="Set Global Variable" library="BuiltIn">
<arg>${token_auth}</arg>
<doc>Makes a variable available globally in all tests and suites.</doc>
<msg timestamp="20220803 12:04:32.532" level="INFO">${token_auth} = Bearer eyJhbGciOiJIUzI1NiIsInR5cCI6IkpXVCJ9.eyJlbWFpbCI6ImdhYnJpZWxkYS1yb3NhQGV4YW1wbGUub3JnIiwicGFzc3dvcmQiOiJzZW5oYTEyMyIsImlhdCI6MTY1OTUzOTA3MiwiZXhwIjoxNjU5NTM5NjcyfQ.TC20mMXQ6xFtWsBmu1dR-CEdeL90b...</msg>
<status status="PASS" starttime="20220803 12:04:32.531" endtime="20220803 12:04:32.532"/>
</kw>
<status status="PASS" starttime="20220803 12:04:32.510" endtime="20220803 12:04:32.532"/>
</kw>
<kw name="Criar Produto Dinamico" library="produtos_keywords">
<kw name="Criar Dados Produto Valido" library="dynamics">
<kw name="Word" library="FakerLibrary">
<var>${nome_produto}</var>
<doc>Generate a word.</doc>
<msg timestamp="20220803 12:04:32.532" level="INFO">${nome_produto} = atque</msg>
<status status="PASS" starttime="20220803 12:04:32.532" endtime="20220803 12:04:32.532"/>
</kw>
<kw name="Random Number" library="FakerLibrary">
<var>${preco}</var>
<arg>digits=3</arg>
<arg>fix_len=true</arg>
<doc>Generate a random integer according to the following rules:</doc>
<msg timestamp="20220803 12:04:32.533" level="INFO">${preco} = 893</msg>
<status status="PASS" starttime="20220803 12:04:32.532" endtime="20220803 12:04:32.533"/>
</kw>
<kw name="Color Name" library="FakerLibrary">
<var>${descricao}</var>
<doc>Generate a color name.</doc>
<msg timestamp="20220803 12:04:32.533" level="INFO">${descricao} = Azul pólvora</msg>
<status status="PASS" starttime="20220803 12:04:32.533" endtime="20220803 12:04:32.533"/>
</kw>
<kw name="Random Number" library="FakerLibrary">
<var>${quantidade}</var>
<arg>digits=3</arg>
<arg>fix_len=true</arg>
<doc>Generate a random integer according to the following rules:</doc>
<msg timestamp="20220803 12:04:32.533" level="INFO">${quantidade} = 899</msg>
<status status="PASS" starttime="20220803 12:04:32.533" endtime="20220803 12:04:32.533"/>
</kw>
<kw name="Create Dictionary" library="BuiltIn">
<var>${payload}</var>
<arg>nome=${nome_produto}</arg>
<arg>preco=${preco}</arg>
<arg>descricao=${descricao}</arg>
<arg>quantidade=${quantidade}</arg>
<doc>Creates and returns a dictionary based on the given ``items``.</doc>
<msg timestamp="20220803 12:04:32.533" level="INFO">${payload} = {'nome': 'atque', 'preco': 893, 'descricao': 'Azul pólvora', 'quantidade': 899}</msg>
<status status="PASS" starttime="20220803 12:04:32.533" endtime="20220803 12:04:32.534"/>
</kw>
<kw name="Set Variable" library="BuiltIn">
<var>${quant_original}</var>
<arg>${quantidade}</arg>
<doc>Returns the given values which can then be assigned to a variables.</doc>
<msg timestamp="20220803 12:04:32.534" level="INFO">${quant_original} = 899</msg>
<status status="PASS" starttime="20220803 12:04:32.534" endtime="20220803 12:04:32.534"/>
</kw>
<kw name="Set Global Variable" library="BuiltIn">
<arg>${payload}</arg>
<doc>Makes a variable available globally in all tests and suites.</doc>
<msg timestamp="20220803 12:04:32.534" level="INFO">${payload} = {'nome': 'atque', 'preco': 893, 'descricao': 'Azul pólvora', 'quantidade': 899}</msg>
<status status="PASS" starttime="20220803 12:04:32.534" endtime="20220803 12:04:32.534"/>
</kw>
<kw name="Set Global Variable" library="BuiltIn">
<arg>${quant_original}</arg>
<doc>Makes a variable available globally in all tests and suites.</doc>
<msg timestamp="20220803 12:04:32.534" level="INFO">${quant_original} = 899</msg>
<status status="PASS" starttime="20220803 12:04:32.534" endtime="20220803 12:04:32.534"/>
</kw>
<status status="PASS" starttime="20220803 12:04:32.532" endtime="20220803 12:04:32.534"/>
</kw>
<kw name="POST Endpoint /produtos" library="produtos_keywords">
<kw name="Create Dictionary" library="BuiltIn">
<var>&amp;{header}</var>
<arg>Authorization=${token_auth}</arg>
<doc>Creates and returns a dictionary based on the given ``items``.</doc>
<msg timestamp="20220803 12:04:32.535" level="INFO">&amp;{header} = { Authorization=Bearer eyJhbGciOiJIUzI1NiIsInR5cCI6IkpXVCJ9.eyJlbWFpbCI6ImdhYnJpZWxkYS1yb3NhQGV4YW1wbGUub3JnIiwicGFzc3dvcmQiOiJzZW5oYTEyMyIsImlhdCI6MTY1OTUzOTA3MiwiZXhwIjoxNjU5NTM5NjcyfQ.TC20mMXQ6xFtW...</msg>
<status status="PASS" starttime="20220803 12:04:32.535" endtime="20220803 12:04:32.535"/>
</kw>
<kw name="POST On Session" library="RequestsLibrary">
<var>${response}</var>
<arg>serverest</arg>
<arg>/produtos</arg>
<arg>json=&amp;{payload}</arg>
<arg>headers=${header}</arg>
<arg>expected_status=anything</arg>
<doc>Sends a POST request on a previously created HTTP Session.</doc>
<msg timestamp="20220803 12:04:32.540" level="INFO">POST Request : url=http://localhost:3000/produtos 
 path_url=/produtos 
 headers={'User-Agent': 'python-requests/2.28.1', 'Accept-Encoding': 'gzip, deflate', 'Accept': '*/*', 'Connection': 'keep-alive', 'Authorization': 'Bearer eyJhbGciOiJIUzI1NiIsInR5cCI6IkpXVCJ9.eyJlbWFpbCI6ImdhYnJpZWxkYS1yb3NhQGV4YW1wbGUub3JnIiwicGFzc3dvcmQiOiJzZW5oYTEyMyIsImlhdCI6MTY1OTUzOTA3MiwiZXhwIjoxNjU5NTM5NjcyfQ.TC20mMXQ6xFtWsBmu1dR-CEdeL90b7aRT_X1GQW_UwY', 'Content-Length': '84', 'Content-Type': 'application/json'} 
 body=b'{"nome": "atque", "preco": 893, "descricao": "Azul p\\u00f3lvora", "quantidade": 899}' 
 </msg>
<msg timestamp="20220803 12:04:32.540" level="INFO">POST Response : url=http://localhost:3000/produtos 
 status=201, reason=Created 
 headers={'Access-Control-Allow-Origin': '*', 'x-dns-prefetch-control': 'off', 'x-frame-options': 'SAMEORIGIN', 'strict-transport-security': 'max-age=15552000; includeSubDomains', 'x-download-options': 'noopen', 'x-content-type-options': 'nosniff', 'x-xss-protection': '1; mode=block', 'x-moesif-transaction-id': 'bd74c32a-1141-43f5-a149-92d0cdcf6787', 'Content-Type': 'application/json; charset=utf-8', 'Content-Length': '82', 'Date': 'Wed, 03 Aug 2022 15:04:32 GMT', 'Connection': 'keep-alive', 'Keep-Alive': 'timeout=5'} 
 body={
    "message": "Cadastro realizado com sucesso",
    "_id": "7Its4WsHFu2ZP3Pc"
} 
 </msg>
<msg timestamp="20220803 12:04:32.540" level="INFO">${response} = &lt;Response [201]&gt;</msg>
<status status="PASS" starttime="20220803 12:04:32.535" endtime="20220803 12:04:32.540"/>
</kw>
<kw name="Set Global Variable" library="BuiltIn">
<arg>${response}</arg>
<doc>Makes a variable available globally in all tests and suites.</doc>
<msg timestamp="20220803 12:04:32.540" level="INFO">${response} = &lt;Response [201]&gt;</msg>
<status status="PASS" starttime="20220803 12:04:32.540" endtime="20220803 12:04:32.540"/>
</kw>
<status status="PASS" starttime="20220803 12:04:32.535" endtime="20220803 12:04:32.540"/>
</kw>
<kw name="Armazenar ID Produto" library="produtos_keywords">
<kw name="Set Variable" library="BuiltIn">
<var>${id_produto}</var>
<arg>${response.json()["_id"]}</arg>
<doc>Returns the given values which can then be assigned to a variables.</doc>
<msg timestamp="20220803 12:04:32.541" level="INFO">${id_produto} = 7Its4WsHFu2ZP3Pc</msg>
<status status="PASS" starttime="20220803 12:04:32.541" endtime="20220803 12:04:32.541"/>
</kw>
<kw name="Set Global Variable" library="BuiltIn">
<arg>${id_produto}</arg>
<doc>Makes a variable available globally in all tests and suites.</doc>
<msg timestamp="20220803 12:04:32.542" level="INFO">${id_produto} = 7Its4WsHFu2ZP3Pc</msg>
<status status="PASS" starttime="20220803 12:04:32.541" endtime="20220803 12:04:32.542"/>
</kw>
<status status="PASS" starttime="20220803 12:04:32.541" endtime="20220803 12:04:32.542"/>
</kw>
<status status="PASS" starttime="20220803 12:04:32.532" endtime="20220803 12:04:32.542"/>
</kw>
<kw name="Criar Dados Carrinho Valido" library="dynamics">
<kw name="Random Number" library="FakerLibrary">
<var>${quantidade}</var>
<arg>digits=1</arg>
<arg>fix_len=true</arg>
<doc>Generate a random integer according to the following rules:</doc>
<msg timestamp="20220803 12:04:32.542" level="INFO">${quantidade} = 5</msg>
<status status="PASS" starttime="20220803 12:04:32.542" endtime="20220803 12:04:32.542"/>
</kw>
<kw name="Convert String to JSON" library="RPA.JSON">
<var>${produtos}</var>
<arg>[{"idProduto": "id", "quantidade": 1}]</arg>
<doc>Convert a string to a JSON serializable object and return it.</doc>
<msg timestamp="20220803 12:04:32.542" level="INFO">${produtos} = [{'idProduto': 'id', 'quantidade': 1}]</msg>
<status status="PASS" starttime="20220803 12:04:32.542" endtime="20220803 12:04:32.542"/>
</kw>
<kw name="Update value to JSON" library="RPA.JSON">
<var>${produtos}</var>
<arg>${produtos}</arg>
<arg>$..quantidade</arg>
<arg>${quantidade}</arg>
<doc>Update existing values in a JSON serializable object and return the result.
Will change all values that match the expression.</doc>
<msg timestamp="20220803 12:04:32.543" level="INFO">Update JSON with expression: '$..quantidade'</msg>
<msg timestamp="20220803 12:04:32.560" level="INFO">${produtos} = [{'idProduto': 'id', 'quantidade': 5}]</msg>
<status status="PASS" starttime="20220803 12:04:32.543" endtime="20220803 12:04:32.560"/>
</kw>
<kw name="Update value to JSON" library="RPA.JSON">
<var>${produtos}</var>
<arg>${produtos}</arg>
<arg>$..idProduto</arg>
<arg>${id_produto}</arg>
<doc>Update existing values in a JSON serializable object and return the result.
Will change all values that match the expression.</doc>
<msg timestamp="20220803 12:04:32.561" level="INFO">Update JSON with expression: '$..idProduto'</msg>
<msg timestamp="20220803 12:04:32.577" level="INFO">${produtos} = [{'idProduto': '7Its4WsHFu2ZP3Pc', 'quantidade': 5}]</msg>
<status status="PASS" starttime="20220803 12:04:32.561" endtime="20220803 12:04:32.577"/>
</kw>
<kw name="Create Dictionary" library="BuiltIn">
<var>&amp;{payload}</var>
<arg>produtos=${produtos}</arg>
<doc>Creates and returns a dictionary based on the given ``items``.</doc>
<msg timestamp="20220803 12:04:32.578" level="INFO">&amp;{payload} = { produtos=[{'idProduto': '7Its4WsHFu2ZP3Pc', 'quantidade': 5}] }</msg>
<status status="PASS" starttime="20220803 12:04:32.578" endtime="20220803 12:04:32.578"/>
</kw>
<kw name="Set Variable" library="BuiltIn">
<var>${quant_carrinho}</var>
<arg>${quantidade}</arg>
<doc>Returns the given values which can then be assigned to a variables.</doc>
<msg timestamp="20220803 12:04:32.578" level="INFO">${quant_carrinho} = 5</msg>
<status status="PASS" starttime="20220803 12:04:32.578" endtime="20220803 12:04:32.578"/>
</kw>
<kw name="Set Global Variable" library="BuiltIn">
<arg>${payload}</arg>
<doc>Makes a variable available globally in all tests and suites.</doc>
<msg timestamp="20220803 12:04:32.578" level="INFO">${payload} = {'produtos': [{'idProduto': '7Its4WsHFu2ZP3Pc', 'quantidade': 5}]}</msg>
<status status="PASS" starttime="20220803 12:04:32.578" endtime="20220803 12:04:32.578"/>
</kw>
<kw name="Set Global Variable" library="BuiltIn">
<arg>${quant_carrinho}</arg>
<doc>Makes a variable available globally in all tests and suites.</doc>
<msg timestamp="20220803 12:04:32.579" level="INFO">${quant_carrinho} = 5</msg>
<status status="PASS" starttime="20220803 12:04:32.578" endtime="20220803 12:04:32.579"/>
</kw>
<status status="PASS" starttime="20220803 12:04:32.542" endtime="20220803 12:04:32.579"/>
</kw>
<kw name="POST Endpoint /carrinhos" library="carrinhos_keywords">
<kw name="Create Dictionary" library="BuiltIn">
<var>&amp;{header}</var>
<arg>Authorization=${token_auth}</arg>
<doc>Creates and returns a dictionary based on the given ``items``.</doc>
<msg timestamp="20220803 12:04:32.579" level="INFO">&amp;{header} = { Authorization=Bearer eyJhbGciOiJIUzI1NiIsInR5cCI6IkpXVCJ9.eyJlbWFpbCI6ImdhYnJpZWxkYS1yb3NhQGV4YW1wbGUub3JnIiwicGFzc3dvcmQiOiJzZW5oYTEyMyIsImlhdCI6MTY1OTUzOTA3MiwiZXhwIjoxNjU5NTM5NjcyfQ.TC20mMXQ6xFtW...</msg>
<status status="PASS" starttime="20220803 12:04:32.579" endtime="20220803 12:04:32.579"/>
</kw>
<kw name="POST On Session" library="RequestsLibrary">
<var>${response}</var>
<arg>serverest</arg>
<arg>/carrinhos</arg>
<arg>json=&amp;{payload}</arg>
<arg>headers=${header}</arg>
<arg>expected_status=anything</arg>
<doc>Sends a POST request on a previously created HTTP Session.</doc>
<msg timestamp="20220803 12:04:32.584" level="INFO">POST Request : url=http://localhost:3000/carrinhos 
 path_url=/carrinhos 
 headers={'User-Agent': 'python-requests/2.28.1', 'Accept-Encoding': 'gzip, deflate', 'Accept': '*/*', 'Connection': 'keep-alive', 'Authorization': 'Bearer eyJhbGciOiJIUzI1NiIsInR5cCI6IkpXVCJ9.eyJlbWFpbCI6ImdhYnJpZWxkYS1yb3NhQGV4YW1wbGUub3JnIiwicGFzc3dvcmQiOiJzZW5oYTEyMyIsImlhdCI6MTY1OTUzOTA3MiwiZXhwIjoxNjU5NTM5NjcyfQ.TC20mMXQ6xFtWsBmu1dR-CEdeL90b7aRT_X1GQW_UwY', 'Content-Length': '66', 'Content-Type': 'application/json'} 
 body=b'{"produtos": [{"idProduto": "7Its4WsHFu2ZP3Pc", "quantidade": 5}]}' 
 </msg>
<msg timestamp="20220803 12:04:32.584" level="INFO">POST Response : url=http://localhost:3000/carrinhos 
 status=201, reason=Created 
 headers={'Access-Control-Allow-Origin': '*', 'x-dns-prefetch-control': 'off', 'x-frame-options': 'SAMEORIGIN', 'strict-transport-security': 'max-age=15552000; includeSubDomains', 'x-download-options': 'noopen', 'x-content-type-options': 'nosniff', 'x-xss-protection': '1; mode=block', 'x-moesif-transaction-id': 'a9299b39-b4cd-42ac-b2ce-af71f719a66e', 'Content-Type': 'application/json; charset=utf-8', 'Content-Length': '82', 'Date': 'Wed, 03 Aug 2022 15:04:32 GMT', 'Connection': 'keep-alive', 'Keep-Alive': 'timeout=5'} 
 body={
    "message": "Cadastro realizado com sucesso",
    "_id": "C51H3fTMEVBGAVuR"
} 
 </msg>
<msg timestamp="20220803 12:04:32.584" level="INFO">${response} = &lt;Response [201]&gt;</msg>
<status status="PASS" starttime="20220803 12:04:32.579" endtime="20220803 12:04:32.584"/>
</kw>
<kw name="Set Global Variable" library="BuiltIn">
<arg>${response}</arg>
<doc>Makes a variable available globally in all tests and suites.</doc>
<msg timestamp="20220803 12:04:32.584" level="INFO">${response} = &lt;Response [201]&gt;</msg>
<status status="PASS" starttime="20220803 12:04:32.584" endtime="20220803 12:04:32.584"/>
</kw>
<status status="PASS" starttime="20220803 12:04:32.579" endtime="20220803 12:04:32.584"/>
</kw>
<kw name="Set Variable" library="BuiltIn">
<var>${id_carrinho}</var>
<arg>${response.json()["_id"]}</arg>
<doc>Returns the given values which can then be assigned to a variables.</doc>
<msg timestamp="20220803 12:04:32.585" level="INFO">${id_carrinho} = C51H3fTMEVBGAVuR</msg>
<status status="PASS" starttime="20220803 12:04:32.584" endtime="20220803 12:04:32.585"/>
</kw>
<kw name="Set Global Variable" library="BuiltIn">
<arg>${id_carrinho}</arg>
<doc>Makes a variable available globally in all tests and suites.</doc>
<msg timestamp="20220803 12:04:32.586" level="INFO">${id_carrinho} = C51H3fTMEVBGAVuR</msg>
<status status="PASS" starttime="20220803 12:04:32.585" endtime="20220803 12:04:32.586"/>
</kw>
<status status="PASS" starttime="20220803 12:04:32.510" endtime="20220803 12:04:32.586"/>
</kw>
<kw name="Mostrar Carrinho" library="common">
<kw name="Log To Console" library="BuiltIn">
<arg>\n\nDados Carrinho: ${payload}\n\nID Carrinho: ${id_carrinho}</arg>
<doc>Logs the given message to the console.</doc>
<status status="PASS" starttime="20220803 12:04:32.586" endtime="20220803 12:04:32.587"/>
</kw>
<status status="PASS" starttime="20220803 12:04:32.586" endtime="20220803 12:04:32.587"/>
</kw>
<kw name="Validar Mensagem &quot;Cadastro realizado com sucesso&quot;" library="common" sourcename="Validar Mensagem &quot;${mensagem}&quot;">
<kw name="Should Be Equal" library="BuiltIn">
<arg>${response.json()["message"]}</arg>
<arg>${mensagem}</arg>
<doc>Fails if the given objects are unequal.</doc>
<status status="PASS" starttime="20220803 12:04:32.587" endtime="20220803 12:04:32.587"/>
</kw>
<kw name="Log To Console" library="BuiltIn">
<arg>\n\nMensagem esperada: ${mensagem} \nRetornada: ${response.json()["message"]}\n</arg>
<doc>Logs the given message to the console.</doc>
<status status="PASS" starttime="20220803 12:04:32.587" endtime="20220803 12:04:32.588"/>
</kw>
<status status="PASS" starttime="20220803 12:04:32.587" endtime="20220803 12:04:32.588"/>
</kw>
<kw name="Validar Status Code &quot;201&quot;" library="common" sourcename="Validar Status Code &quot;${statuscode}&quot;">
<kw name="Should Be True" library="BuiltIn">
<arg>${response.status_code} == ${statuscode}</arg>
<doc>Fails if the given condition is not true.</doc>
<status status="PASS" starttime="20220803 12:04:32.588" endtime="20220803 12:04:32.589"/>
</kw>
<kw name="Log To Console" library="BuiltIn">
<arg>\nStatus Code Esperado: ${statuscode} \nRetornado: ${response.status_code}\n</arg>
<doc>Logs the given message to the console.</doc>
<status status="PASS" starttime="20220803 12:04:32.589" endtime="20220803 12:04:32.590"/>
</kw>
<status status="PASS" starttime="20220803 12:04:32.588" endtime="20220803 12:04:32.590"/>
</kw>
<kw name="Deletar Dados da Base" library="common">
<kw name="DELETE Endpoint /carrinhos/cancelar-compra" library="carrinhos_keywords">
<kw name="Create Dictionary" library="BuiltIn">
<var>&amp;{header}</var>
<arg>Authorization=${token_auth}</arg>
<doc>Creates and returns a dictionary based on the given ``items``.</doc>
<msg timestamp="20220803 12:04:32.591" level="INFO">&amp;{header} = { Authorization=Bearer eyJhbGciOiJIUzI1NiIsInR5cCI6IkpXVCJ9.eyJlbWFpbCI6ImdhYnJpZWxkYS1yb3NhQGV4YW1wbGUub3JnIiwicGFzc3dvcmQiOiJzZW5oYTEyMyIsImlhdCI6MTY1OTUzOTA3MiwiZXhwIjoxNjU5NTM5NjcyfQ.TC20mMXQ6xFtW...</msg>
<status status="PASS" starttime="20220803 12:04:32.590" endtime="20220803 12:04:32.591"/>
</kw>
<kw name="DELETE On Session" library="RequestsLibrary">
<var>${response}</var>
<arg>serverest</arg>
<arg>/carrinhos/cancelar-compra</arg>
<arg>headers=${header}</arg>
<arg>expected_status=anything</arg>
<doc>Sends a DELETE request on a previously created HTTP Session.</doc>
<msg timestamp="20220803 12:04:32.594" level="INFO">DELETE Request : url=http://localhost:3000/carrinhos/cancelar-compra 
 path_url=/carrinhos/cancelar-compra 
 headers={'User-Agent': 'python-requests/2.28.1', 'Accept-Encoding': 'gzip, deflate', 'Accept': '*/*', 'Connection': 'keep-alive', 'Authorization': 'Bearer eyJhbGciOiJIUzI1NiIsInR5cCI6IkpXVCJ9.eyJlbWFpbCI6ImdhYnJpZWxkYS1yb3NhQGV4YW1wbGUub3JnIiwicGFzc3dvcmQiOiJzZW5oYTEyMyIsImlhdCI6MTY1OTUzOTA3MiwiZXhwIjoxNjU5NTM5NjcyfQ.TC20mMXQ6xFtWsBmu1dR-CEdeL90b7aRT_X1GQW_UwY', 'Content-Length': '0'} 
 body=None 
 </msg>
<msg timestamp="20220803 12:04:32.594" level="INFO">DELETE Response : url=http://localhost:3000/carrinhos/cancelar-compra 
 status=200, reason=OK 
 headers={'Access-Control-Allow-Origin': '*', 'x-dns-prefetch-control': 'off', 'x-frame-options': 'SAMEORIGIN', 'strict-transport-security': 'max-age=15552000; includeSubDomains', 'x-download-options': 'noopen', 'x-content-type-options': 'nosniff', 'x-xss-protection': '1; mode=block', 'x-moesif-transaction-id': '3380464f-946c-4781-b8d9-1ac70709e4f1', 'Content-Type': 'application/json; charset=utf-8', 'Content-Length': '86', 'Date': 'Wed, 03 Aug 2022 15:04:32 GMT', 'Connection': 'keep-alive', 'Keep-Alive': 'timeout=5'} 
 body={
    "message": "Registro excluído com sucesso. Estoque dos produtos reabastecido"
} 
 </msg>
<msg timestamp="20220803 12:04:32.594" level="INFO">${response} = &lt;Response [200]&gt;</msg>
<status status="PASS" starttime="20220803 12:04:32.591" endtime="20220803 12:04:32.594"/>
</kw>
<kw name="Set Global Variable" library="BuiltIn">
<arg>${response}</arg>
<doc>Makes a variable available globally in all tests and suites.</doc>
<msg timestamp="20220803 12:04:32.595" level="INFO">${response} = &lt;Response [200]&gt;</msg>
<status status="PASS" starttime="20220803 12:04:32.594" endtime="20220803 12:04:32.595"/>
</kw>
<status status="PASS" starttime="20220803 12:04:32.590" endtime="20220803 12:04:32.595"/>
</kw>
<kw name="DELETE Endpoint /produtos" library="produtos_keywords">
<kw name="Create Dictionary" library="BuiltIn">
<var>&amp;{header}</var>
<arg>Authorization=${token_auth}</arg>
<doc>Creates and returns a dictionary based on the given ``items``.</doc>
<msg timestamp="20220803 12:04:32.595" level="INFO">&amp;{header} = { Authorization=Bearer eyJhbGciOiJIUzI1NiIsInR5cCI6IkpXVCJ9.eyJlbWFpbCI6ImdhYnJpZWxkYS1yb3NhQGV4YW1wbGUub3JnIiwicGFzc3dvcmQiOiJzZW5oYTEyMyIsImlhdCI6MTY1OTUzOTA3MiwiZXhwIjoxNjU5NTM5NjcyfQ.TC20mMXQ6xFtW...</msg>
<status status="PASS" starttime="20220803 12:04:32.595" endtime="20220803 12:04:32.595"/>
</kw>
<kw name="DELETE On Session" library="RequestsLibrary">
<var>${response}</var>
<arg>serverest</arg>
<arg>/produtos/${id_produto}</arg>
<arg>headers=${header}</arg>
<arg>expected_status=anything</arg>
<doc>Sends a DELETE request on a previously created HTTP Session.</doc>
<msg timestamp="20220803 12:04:32.599" level="INFO">DELETE Request : url=http://localhost:3000/produtos/7Its4WsHFu2ZP3Pc 
 path_url=/produtos/7Its4WsHFu2ZP3Pc 
 headers={'User-Agent': 'python-requests/2.28.1', 'Accept-Encoding': 'gzip, deflate', 'Accept': '*/*', 'Connection': 'keep-alive', 'Authorization': 'Bearer eyJhbGciOiJIUzI1NiIsInR5cCI6IkpXVCJ9.eyJlbWFpbCI6ImdhYnJpZWxkYS1yb3NhQGV4YW1wbGUub3JnIiwicGFzc3dvcmQiOiJzZW5oYTEyMyIsImlhdCI6MTY1OTUzOTA3MiwiZXhwIjoxNjU5NTM5NjcyfQ.TC20mMXQ6xFtWsBmu1dR-CEdeL90b7aRT_X1GQW_UwY', 'Content-Length': '0'} 
 body=None 
 </msg>
<msg timestamp="20220803 12:04:32.599" level="INFO">DELETE Response : url=http://localhost:3000/produtos/7Its4WsHFu2ZP3Pc 
 status=200, reason=OK 
 headers={'Access-Control-Allow-Origin': '*', 'x-dns-prefetch-control': 'off', 'x-frame-options': 'SAMEORIGIN', 'strict-transport-security': 'max-age=15552000; includeSubDomains', 'x-download-options': 'noopen', 'x-content-type-options': 'nosniff', 'x-xss-protection': '1; mode=block', 'x-moesif-transaction-id': '0b33b62b-4a4e-47e2-8083-1e249cb5b870', 'Content-Type': 'application/json; charset=utf-8', 'Content-Length': '51', 'Date': 'Wed, 03 Aug 2022 15:04:32 GMT', 'Connection': 'keep-alive', 'Keep-Alive': 'timeout=5'} 
 body={
    "message": "Registro excluído com sucesso"
} 
 </msg>
<msg timestamp="20220803 12:04:32.599" level="INFO">${response} = &lt;Response [200]&gt;</msg>
<status status="PASS" starttime="20220803 12:04:32.595" endtime="20220803 12:04:32.599"/>
</kw>
<kw name="Set Global Variable" library="BuiltIn">
<arg>${response}</arg>
<doc>Makes a variable available globally in all tests and suites.</doc>
<msg timestamp="20220803 12:04:32.600" level="INFO">${response} = &lt;Response [200]&gt;</msg>
<status status="PASS" starttime="20220803 12:04:32.599" endtime="20220803 12:04:32.600"/>
</kw>
<status status="PASS" starttime="20220803 12:04:32.595" endtime="20220803 12:04:32.600"/>
</kw>
<kw name="DELETE Endpoint /usuarios" library="usuarios_keywords">
<kw name="DELETE On Session" library="RequestsLibrary">
<var>${response}</var>
<arg>serverest</arg>
<arg>/usuarios/${id_usuario}</arg>
<arg>expected_status=anything</arg>
<doc>Sends a DELETE request on a previously created HTTP Session.</doc>
<msg timestamp="20220803 12:04:32.603" level="INFO">DELETE Request : url=http://localhost:3000/usuarios/IC41Kx1CnoTgvcmt 
 path_url=/usuarios/IC41Kx1CnoTgvcmt 
 headers={'User-Agent': 'python-requests/2.28.1', 'Accept-Encoding': 'gzip, deflate', 'Accept': '*/*', 'Connection': 'keep-alive', 'Content-Length': '0'} 
 body=None 
 </msg>
<msg timestamp="20220803 12:04:32.603" level="INFO">DELETE Response : url=http://localhost:3000/usuarios/IC41Kx1CnoTgvcmt 
 status=200, reason=OK 
 headers={'Access-Control-Allow-Origin': '*', 'x-dns-prefetch-control': 'off', 'x-frame-options': 'SAMEORIGIN', 'strict-transport-security': 'max-age=15552000; includeSubDomains', 'x-download-options': 'noopen', 'x-content-type-options': 'nosniff', 'x-xss-protection': '1; mode=block', 'x-moesif-transaction-id': '8d2d0fe6-f19b-414c-a26f-ed7383dded13', 'Content-Type': 'application/json; charset=utf-8', 'Content-Length': '51', 'Date': 'Wed, 03 Aug 2022 15:04:32 GMT', 'Connection': 'keep-alive', 'Keep-Alive': 'timeout=5'} 
 body={
    "message": "Registro excluído com sucesso"
} 
 </msg>
<msg timestamp="20220803 12:04:32.603" level="INFO">${response} = &lt;Response [200]&gt;</msg>
<status status="PASS" starttime="20220803 12:04:32.600" endtime="20220803 12:04:32.603"/>
</kw>
<kw name="Set Global Variable" library="BuiltIn">
<arg>${response}</arg>
<doc>Makes a variable available globally in all tests and suites.</doc>
<msg timestamp="20220803 12:04:32.604" level="INFO">${response} = &lt;Response [200]&gt;</msg>
<status status="PASS" starttime="20220803 12:04:32.604" endtime="20220803 12:04:32.604"/>
</kw>
<status status="PASS" starttime="20220803 12:04:32.600" endtime="20220803 12:04:32.604"/>
</kw>
<status status="PASS" starttime="20220803 12:04:32.590" endtime="20220803 12:04:32.604"/>
</kw>
<tag>C45</tag>
<status status="PASS" starttime="20220803 12:04:32.510" endtime="20220803 12:04:32.604"/>
</test>
<test id="s1-t5" name="Cenario C46: POST Carrinho Produto Duplicado 400" line="35">
<kw name="Fazer Login Com Usuario Dinamico" library="login_keywords">
<kw name="POST Criar Usuario Dinamico" library="usuarios_keywords">
<kw name="Criar Dados Usuario Valido" library="dynamics">
<kw name="Name" library="FakerLibrary">
<var>${nome}</var>
<doc>:example 'John Doe'</doc>
<msg timestamp="20220803 12:04:32.607" level="INFO">${nome} = Isabella Pinto</msg>
<status status="PASS" starttime="20220803 12:04:32.607" endtime="20220803 12:04:32.607"/>
</kw>
<kw name="Email" library="FakerLibrary">
<var>${email}</var>
<msg timestamp="20220803 12:04:32.608" level="INFO">${email} = nuneslevi@example.net</msg>
<status status="PASS" starttime="20220803 12:04:32.607" endtime="20220803 12:04:32.608"/>
</kw>
<kw name="Create Dictionary" library="BuiltIn">
<var>${payload}</var>
<arg>nome=${nome}</arg>
<arg>email=${email}</arg>
<arg>password=senha123</arg>
<arg>administrador=true</arg>
<doc>Creates and returns a dictionary based on the given ``items``.</doc>
<msg timestamp="20220803 12:04:32.608" level="INFO">${payload} = {'nome': 'Isabella Pinto', 'email': 'nuneslevi@example.net', 'password': 'senha123', 'administrador': 'true'}</msg>
<status status="PASS" starttime="20220803 12:04:32.608" endtime="20220803 12:04:32.608"/>
</kw>
<kw name="Set Global Variable" library="BuiltIn">
<arg>${payload}</arg>
<doc>Makes a variable available globally in all tests and suites.</doc>
[...]
</kw>
<kw name="Set Global Variable" library="BuiltIn">
<arg>${response}</arg>
<doc>Makes a variable available globally in all tests and suites.</doc>
<msg timestamp="20220803 12:04:33.223" level="INFO">${response} = &lt;Response [400]&gt;</msg>
<status status="PASS" starttime="20220803 12:04:33.223" endtime="20220803 12:04:33.223"/>
</kw>
<status status="PASS" starttime="20220803 12:04:33.218" endtime="20220803 12:04:33.223"/>
</kw>
<kw name="Should Be Equal" library="BuiltIn">
<arg>${response.json()["message"]}</arg>
<arg>Carrinho não encontrado</arg>
<doc>Fails if the given objects are unequal.</doc>
<status status="PASS" starttime="20220803 12:04:33.223" endtime="20220803 12:04:33.224"/>
</kw>
<kw name="Log To Console" library="BuiltIn">
<arg>Buscando ID ${id_carrinho} na base: ${response.json()["message"]}\n</arg>
<doc>Logs the given message to the console.</doc>
<status status="PASS" starttime="20220803 12:04:33.224" endtime="20220803 12:04:33.225"/>
</kw>
<status status="PASS" starttime="20220803 12:04:33.218" endtime="20220803 12:04:33.225"/>
</kw>
<kw name="Verificar Se Quantidade Foi Reestabelecida" library="carrinhos_keywords">
<kw name="GET Endpoint produtos/{_id}" library="produtos_keywords">
<kw name="GET On Session" library="RequestsLibrary">
<var>${response}</var>
<arg>serverest</arg>
<arg>/produtos/${id_produto}</arg>
<arg>expected_status=anything</arg>
<doc>Sends a GET request on a previously created HTTP Session.</doc>
<msg timestamp="20220803 12:04:33.231" level="INFO">GET Request : url=http://localhost:3000/produtos/jYbPfDDLw2dnuGL2 
 path_url=/produtos/jYbPfDDLw2dnuGL2 
 headers={'User-Agent': 'python-requests/2.28.1', 'Accept-Encoding': 'gzip, deflate', 'Accept': '*/*', 'Connection': 'keep-alive'} 
 body=None 
 </msg>
<msg timestamp="20220803 12:04:33.231" level="INFO">GET Response : url=http://localhost:3000/produtos/jYbPfDDLw2dnuGL2 
 status=200, reason=OK 
 headers={'Access-Control-Allow-Origin': '*', 'x-dns-prefetch-control': 'off', 'x-frame-options': 'SAMEORIGIN', 'strict-transport-security': 'max-age=15552000; includeSubDomains', 'x-download-options': 'noopen', 'x-content-type-options': 'nosniff', 'x-xss-protection': '1; mode=block', 'x-moesif-transaction-id': '06b763a8-9295-462e-851a-de2dc396c585', 'Content-Type': 'application/json; charset=utf-8', 'Content-Length': '132', 'Date': 'Wed, 03 Aug 2022 15:04:33 GMT', 'Connection': 'keep-alive', 'Keep-Alive': 'timeout=5'} 
 body={
    "nome": "excepturi",
    "preco": 405,
    "descricao": "Cinza médio",
    "quantidade": 999,
    "_id": "jYbPfDDLw2dnuGL2"
} 
 </msg>
<msg timestamp="20220803 12:04:33.231" level="INFO">${response} = &lt;Response [200]&gt;</msg>
<status status="PASS" starttime="20220803 12:04:33.226" endtime="20220803 12:04:33.231"/>
</kw>
<kw name="Set Global Variable" library="BuiltIn">
<arg>${response}</arg>
<doc>Makes a variable available globally in all tests and suites.</doc>
<msg timestamp="20220803 12:04:33.232" level="INFO">${response} = &lt;Response [200]&gt;</msg>
<status status="PASS" starttime="20220803 12:04:33.231" endtime="20220803 12:04:33.232"/>
</kw>
<status status="PASS" starttime="20220803 12:04:33.225" endtime="20220803 12:04:33.232"/>
</kw>
<kw name="Definir Quantidade Atual" library="produtos_keywords">
<kw name="Set Variable" library="BuiltIn">
<var>${quant_atual}</var>
<arg>${response.json()["quantidade"]}</arg>
<doc>Returns the given values which can then be assigned to a variables.</doc>
<msg timestamp="20220803 12:04:33.233" level="INFO">${quant_atual} = 999</msg>
<status status="PASS" starttime="20220803 12:04:33.232" endtime="20220803 12:04:33.233"/>
</kw>
<kw name="Set Global Variable" library="BuiltIn">
<arg>${quant_atual}</arg>
<doc>Makes a variable available globally in all tests and suites.</doc>
<msg timestamp="20220803 12:04:33.233" level="INFO">${quant_atual} = 999</msg>
<status status="PASS" starttime="20220803 12:04:33.233" endtime="20220803 12:04:33.233"/>
</kw>
<status status="PASS" starttime="20220803 12:04:33.232" endtime="20220803 12:04:33.233"/>
</kw>
<kw name="Subtrair" library="teste_library">
<var>${valor}</var>
<arg>${quant_original}</arg>
<arg>${quant_carrinho}</arg>
<msg timestamp="20220803 12:04:33.234" level="INFO">${valor} = 995</msg>
<status status="PASS" starttime="20220803 12:04:33.234" endtime="20220803 12:04:33.234"/>
</kw>
<kw name="Should Be Equal" library="BuiltIn">
<arg>${quant_original}</arg>
<arg>${quant_atual}</arg>
<doc>Fails if the given objects are unequal.</doc>
<status status="PASS" starttime="20220803 12:04:33.234" endtime="20220803 12:04:33.234"/>
</kw>
<kw name="Log To Console" library="BuiltIn">
<arg>Quantidade Original do Produto: ${quant_original}, Quantidade Atual: ${quant_atual}\n</arg>
<doc>Logs the given message to the console.</doc>
<status status="PASS" starttime="20220803 12:04:33.234" endtime="20220803 12:04:33.235"/>
</kw>
<status status="PASS" starttime="20220803 12:04:33.225" endtime="20220803 12:04:33.236"/>
</kw>
<kw name="Deletar Dados da Base" library="common">
<kw name="DELETE Endpoint /carrinhos/cancelar-compra" library="carrinhos_keywords">
<kw name="Create Dictionary" library="BuiltIn">
<var>&amp;{header}</var>
<arg>Authorization=${token_auth}</arg>
<doc>Creates and returns a dictionary based on the given ``items``.</doc>
<msg timestamp="20220803 12:04:33.237" level="INFO">&amp;{header} = { Authorization=Bearer eyJhbGciOiJIUzI1NiIsInR5cCI6IkpXVCJ9.eyJlbWFpbCI6InFkYS1jb3N0YUBleGFtcGxlLmNvbSIsInBhc3N3b3JkIjoic2VuaGExMjMiLCJpYXQiOjE2NTk1MzkwNzMsImV4cCI6MTY1OTUzOTY3M30.jMMndVgdK7uoKzI8IdKZ...</msg>
<status status="PASS" starttime="20220803 12:04:33.236" endtime="20220803 12:04:33.237"/>
</kw>
<kw name="DELETE On Session" library="RequestsLibrary">
<var>${response}</var>
<arg>serverest</arg>
<arg>/carrinhos/cancelar-compra</arg>
<arg>headers=${header}</arg>
<arg>expected_status=anything</arg>
<doc>Sends a DELETE request on a previously created HTTP Session.</doc>
<msg timestamp="20220803 12:04:33.240" level="INFO">DELETE Request : url=http://localhost:3000/carrinhos/cancelar-compra 
 path_url=/carrinhos/cancelar-compra 
 headers={'User-Agent': 'python-requests/2.28.1', 'Accept-Encoding': 'gzip, deflate', 'Accept': '*/*', 'Connection': 'keep-alive', 'Authorization': 'Bearer eyJhbGciOiJIUzI1NiIsInR5cCI6IkpXVCJ9.eyJlbWFpbCI6InFkYS1jb3N0YUBleGFtcGxlLmNvbSIsInBhc3N3b3JkIjoic2VuaGExMjMiLCJpYXQiOjE2NTk1MzkwNzMsImV4cCI6MTY1OTUzOTY3M30.jMMndVgdK7uoKzI8IdKZcv5SIF6dDcS8i4mzmOtylwg', 'Content-Length': '0'} 
 body=None 
 </msg>
<msg timestamp="20220803 12:04:33.240" level="INFO">DELETE Response : url=http://localhost:3000/carrinhos/cancelar-compra 
 status=200, reason=OK 
 headers={'Access-Control-Allow-Origin': '*', 'x-dns-prefetch-control': 'off', 'x-frame-options': 'SAMEORIGIN', 'strict-transport-security': 'max-age=15552000; includeSubDomains', 'x-download-options': 'noopen', 'x-content-type-options': 'nosniff', 'x-xss-protection': '1; mode=block', 'x-moesif-transaction-id': 'b2cf1105-3c96-4158-9fff-e489e9e5e9ad', 'Content-Type': 'application/json; charset=utf-8', 'Content-Length': '68', 'Date': 'Wed, 03 Aug 2022 15:04:33 GMT', 'Connection': 'keep-alive', 'Keep-Alive': 'timeout=5'} 
 body={
    "message": "Não foi encontrado carrinho para esse usuário"
} 
 </msg>
<msg timestamp="20220803 12:04:33.240" level="INFO">${response} = &lt;Response [200]&gt;</msg>
<status status="PASS" starttime="20220803 12:04:33.237" endtime="20220803 12:04:33.240"/>
</kw>
<kw name="Set Global Variable" library="BuiltIn">
<arg>${response}</arg>
<doc>Makes a variable available globally in all tests and suites.</doc>
<msg timestamp="20220803 12:04:33.241" level="INFO">${response} = &lt;Response [200]&gt;</msg>
<status status="PASS" starttime="20220803 12:04:33.241" endtime="20220803 12:04:33.241"/>
</kw>
<status status="PASS" starttime="20220803 12:04:33.236" endtime="20220803 12:04:33.241"/>
</kw>
<kw name="DELETE Endpoint /produtos" library="produtos_keywords">
<kw name="Create Dictionary" library="BuiltIn">
<var>&amp;{header}</var>
<arg>Authorization=${token_auth}</arg>
<doc>Creates and returns a dictionary based on the given ``items``.</doc>
<msg timestamp="20220803 12:04:33.241" level="INFO">&amp;{header} = { Authorization=Bearer eyJhbGciOiJIUzI1NiIsInR5cCI6IkpXVCJ9.eyJlbWFpbCI6InFkYS1jb3N0YUBleGFtcGxlLmNvbSIsInBhc3N3b3JkIjoic2VuaGExMjMiLCJpYXQiOjE2NTk1MzkwNzMsImV4cCI6MTY1OTUzOTY3M30.jMMndVgdK7uoKzI8IdKZ...</msg>
<status status="PASS" starttime="20220803 12:04:33.241" endtime="20220803 12:04:33.241"/>
</kw>
<kw name="DELETE On Session" library="RequestsLibrary">
<var>${response}</var>
<arg>serverest</arg>
<arg>/produtos/${id_produto}</arg>
<arg>headers=${header}</arg>
<arg>expected_status=anything</arg>
<doc>Sends a DELETE request on a previously created HTTP Session.</doc>
<msg timestamp="20220803 12:04:33.245" level="INFO">DELETE Request : url=http://localhost:3000/produtos/jYbPfDDLw2dnuGL2 
 path_url=/produtos/jYbPfDDLw2dnuGL2 
 headers={'User-Agent': 'python-requests/2.28.1', 'Accept-Encoding': 'gzip, deflate', 'Accept': '*/*', 'Connection': 'keep-alive', 'Authorization': 'Bearer eyJhbGciOiJIUzI1NiIsInR5cCI6IkpXVCJ9.eyJlbWFpbCI6InFkYS1jb3N0YUBleGFtcGxlLmNvbSIsInBhc3N3b3JkIjoic2VuaGExMjMiLCJpYXQiOjE2NTk1MzkwNzMsImV4cCI6MTY1OTUzOTY3M30.jMMndVgdK7uoKzI8IdKZcv5SIF6dDcS8i4mzmOtylwg', 'Content-Length': '0'} 
 body=None 
 </msg>
<msg timestamp="20220803 12:04:33.245" level="INFO">DELETE Response : url=http://localhost:3000/produtos/jYbPfDDLw2dnuGL2 
 status=200, reason=OK 
 headers={'Access-Control-Allow-Origin': '*', 'x-dns-prefetch-control': 'off', 'x-frame-options': 'SAMEORIGIN', 'strict-transport-security': 'max-age=15552000; includeSubDomains', 'x-download-options': 'noopen', 'x-content-type-options': 'nosniff', 'x-xss-protection': '1; mode=block', 'x-moesif-transaction-id': 'ae99490b-7688-4951-9f24-1f1fbd8c1e2d', 'Content-Type': 'application/json; charset=utf-8', 'Content-Length': '51', 'Date': 'Wed, 03 Aug 2022 15:04:33 GMT', 'Connection': 'keep-alive', 'Keep-Alive': 'timeout=5'} 
 body={
    "message": "Registro excluído com sucesso"
} 
 </msg>
<msg timestamp="20220803 12:04:33.245" level="INFO">${response} = &lt;Response [200]&gt;</msg>
<status status="PASS" starttime="20220803 12:04:33.242" endtime="20220803 12:04:33.245"/>
</kw>
<kw name="Set Global Variable" library="BuiltIn">
<arg>${response}</arg>
<doc>Makes a variable available globally in all tests and suites.</doc>
<msg timestamp="20220803 12:04:33.246" level="INFO">${response} = &lt;Response [200]&gt;</msg>
<status status="PASS" starttime="20220803 12:04:33.245" endtime="20220803 12:04:33.246"/>
</kw>
<status status="PASS" starttime="20220803 12:04:33.241" endtime="20220803 12:04:33.246"/>
</kw>
<kw name="DELETE Endpoint /usuarios" library="usuarios_keywords">
<kw name="DELETE On Session" library="RequestsLibrary">
<var>${response}</var>
<arg>serverest</arg>
<arg>/usuarios/${id_usuario}</arg>
<arg>expected_status=anything</arg>
<doc>Sends a DELETE request on a previously created HTTP Session.</doc>
<msg timestamp="20220803 12:04:33.251" level="INFO">DELETE Request : url=http://localhost:3000/usuarios/rReq1MnQ8NmwTtv5 
 path_url=/usuarios/rReq1MnQ8NmwTtv5 
 headers={'User-Agent': 'python-requests/2.28.1', 'Accept-Encoding': 'gzip, deflate', 'Accept': '*/*', 'Connection': 'keep-alive', 'Content-Length': '0'} 
 body=None 
 </msg>
<msg timestamp="20220803 12:04:33.251" level="INFO">DELETE Response : url=http://localhost:3000/usuarios/rReq1MnQ8NmwTtv5 
 status=200, reason=OK 
 headers={'Access-Control-Allow-Origin': '*', 'x-dns-prefetch-control': 'off', 'x-frame-options': 'SAMEORIGIN', 'strict-transport-security': 'max-age=15552000; includeSubDomains', 'x-download-options': 'noopen', 'x-content-type-options': 'nosniff', 'x-xss-protection': '1; mode=block', 'x-moesif-transaction-id': 'c56a5141-c9ac-4855-b566-609beefadbb7', 'Content-Type': 'application/json; charset=utf-8', 'Content-Length': '51', 'Date': 'Wed, 03 Aug 2022 15:04:33 GMT', 'Connection': 'keep-alive', 'Keep-Alive': 'timeout=5'} 
 body={
    "message": "Registro excluído com sucesso"
} 
 </msg>
<msg timestamp="20220803 12:04:33.252" level="INFO">${response} = &lt;Response [200]&gt;</msg>
<status status="PASS" starttime="20220803 12:04:33.246" endtime="20220803 12:04:33.252"/>
</kw>
<kw name="Set Global Variable" library="BuiltIn">
<arg>${response}</arg>
<doc>Makes a variable available globally in all tests and suites.</doc>
<msg timestamp="20220803 12:04:33.252" level="INFO">${response} = &lt;Response [200]&gt;</msg>
<status status="PASS" starttime="20220803 12:04:33.252" endtime="20220803 12:04:33.252"/>
</kw>
<status status="PASS" starttime="20220803 12:04:33.246" endtime="20220803 12:04:33.252"/>
</kw>
<status status="PASS" starttime="20220803 12:04:33.236" endtime="20220803 12:04:33.252"/>
</kw>
<tag>C53</tag>
<status status="PASS" starttime="20220803 12:04:33.108" endtime="20220803 12:04:33.253"/>
</test>
<test id="s1-t13" name="Cenario C54: DELETE Excluir Carrinho Cancelado Sem Token 401" line="112">
<kw name="Definir Token Invalido" library="login_keywords">
<kw name="Buscar Login" library="teste_library">
<var>${token_auth}</var>
<arg>token_invalido</arg>
<msg timestamp="20220803 12:04:33.257" level="INFO">${token_auth} = 00000000000</msg>
<status status="PASS" starttime="20220803 12:04:33.257" endtime="20220803 12:04:33.257"/>
</kw>
<kw name="Set Global Variable" library="BuiltIn">
<arg>${token_auth}</arg>
<doc>Makes a variable available globally in all tests and suites.</doc>
<msg timestamp="20220803 12:04:33.258" level="INFO">${token_auth} = 00000000000</msg>
<status status="PASS" starttime="20220803 12:04:33.257" endtime="20220803 12:04:33.258"/>
</kw>
<kw name="Log To Console" library="BuiltIn">
<arg>\n\nToken: ${token_auth}</arg>
<doc>Logs the given message to the console.</doc>
<status status="PASS" starttime="20220803 12:04:33.258" endtime="20220803 12:04:33.258"/>
</kw>
<status status="PASS" starttime="20220803 12:04:33.256" endtime="20220803 12:04:33.258"/>
</kw>
<kw name="Definir ID Carrinho Valida" library="carrinhos_keywords">
<kw name="Buscar Carrinho" library="teste_library">
<var>${id_carrinho}</var>
<arg>id_valida</arg>
<msg timestamp="20220803 12:04:33.259" level="INFO">${id_carrinho} = qbMqntef4iTOwWfg</msg>
<status status="PASS" starttime="20220803 12:04:33.259" endtime="20220803 12:04:33.259"/>
</kw>
<kw name="Set Global Variable" library="BuiltIn">
<arg>${id_carrinho}</arg>
<doc>Makes a variable available globally in all tests and suites.</doc>
<msg timestamp="20220803 12:04:33.259" level="INFO">${id_carrinho} = qbMqntef4iTOwWfg</msg>
<status status="PASS" starttime="20220803 12:04:33.259" endtime="20220803 12:04:33.259"/>
</kw>
<status status="PASS" starttime="20220803 12:04:33.259" endtime="20220803 12:04:33.259"/>
</kw>
<kw name="DELETE Endpoint /carrinhos/cancelar-compra" library="carrinhos_keywords">
<kw name="Create Dictionary" library="BuiltIn">
<var>&amp;{header}</var>
<arg>Authorization=${token_auth}</arg>
<doc>Creates and returns a dictionary based on the given ``items``.</doc>
<msg timestamp="20220803 12:04:33.260" level="INFO">&amp;{header} = { Authorization=00000000000 }</msg>
<status status="PASS" starttime="20220803 12:04:33.260" endtime="20220803 12:04:33.260"/>
</kw>
<kw name="DELETE On Session" library="RequestsLibrary">
<var>${response}</var>
<arg>serverest</arg>
<arg>/carrinhos/cancelar-compra</arg>
<arg>headers=${header}</arg>
<arg>expected_status=anything</arg>
<doc>Sends a DELETE request on a previously created HTTP Session.</doc>
<msg timestamp="20220803 12:04:33.262" level="INFO">DELETE Request : url=http://localhost:3000/carrinhos/cancelar-compra 
 path_url=/carrinhos/cancelar-compra 
 headers={'User-Agent': 'python-requests/2.28.1', 'Accept-Encoding': 'gzip, deflate', 'Accept': '*/*', 'Connection': 'keep-alive', 'Authorization': '00000000000', 'Content-Length': '0'} 
 body=None 
 </msg>
<msg timestamp="20220803 12:04:33.262" level="INFO">DELETE Response : url=http://localhost:3000/carrinhos/cancelar-compra 
 status=401, reason=Unauthorized 
 headers={'Access-Control-Allow-Origin': '*', 'x-dns-prefetch-control': 'off', 'x-frame-options': 'SAMEORIGIN', 'strict-transport-security': 'max-age=15552000; includeSubDomains', 'x-download-options': 'noopen', 'x-content-type-options': 'nosniff', 'x-xss-protection': '1; mode=block', 'x-moesif-transaction-id': 'cc2a5887-dcfb-4745-8ae7-a7a98fae5e4f', 'Content-Type': 'application/json; charset=utf-8', 'Content-Length': '103', 'Date': 'Wed, 03 Aug 2022 15:04:33 GMT', 'Connection': 'keep-alive', 'Keep-Alive': 'timeout=5'} 
 body={
    "message": "Token de acesso ausente, inválido, expirado ou usuário do token não existe mais"
} 
 </msg>
<msg timestamp="20220803 12:04:33.263" level="INFO">${response} = &lt;Response [401]&gt;</msg>
<status status="PASS" starttime="20220803 12:04:33.260" endtime="20220803 12:04:33.263"/>
</kw>
<kw name="Set Global Variable" library="BuiltIn">
<arg>${response}</arg>
<doc>Makes a variable available globally in all tests and suites.</doc>
<msg timestamp="20220803 12:04:33.263" level="INFO">${response} = &lt;Response [401]&gt;</msg>
<status status="PASS" starttime="20220803 12:04:33.263" endtime="20220803 12:04:33.263"/>
</kw>
<status status="PASS" starttime="20220803 12:04:33.260" endtime="20220803 12:04:33.263"/>
</kw>
<kw name="Validar Mensagem &quot;Token de acesso ausente, inválido, expirado ou usuário do token não existe mais&quot;" library="common" sourcename="Validar Mensagem &quot;${mensagem}&quot;">
<kw name="Should Be Equal" library="BuiltIn">
<arg>${response.json()["message"]}</arg>
<arg>${mensagem}</arg>
<doc>Fails if the given objects are unequal.</doc>
<status status="PASS" starttime="20220803 12:04:33.264" endtime="20220803 12:04:33.264"/>
</kw>
<kw name="Log To Console" library="BuiltIn">
<arg>\n\nMensagem esperada: ${mensagem} \nRetornada: ${response.json()["message"]}\n</arg>
<doc>Logs the given message to the console.</doc>
<status status="PASS" starttime="20220803 12:04:33.265" endtime="20220803 12:04:33.265"/>
</kw>
<status status="PASS" starttime="20220803 12:04:33.263" endtime="20220803 12:04:33.265"/>
</kw>
<kw name="Validar Status Code &quot;401&quot;" library="common" sourcename="Validar Status Code &quot;${statuscode}&quot;">
<kw name="Should Be True" library="BuiltIn">
<arg>${response.status_code} == ${statuscode}</arg>
<doc>Fails if the given condition is not true.</doc>
<status status="PASS" starttime="20220803 12:04:33.268" endtime="20220803 12:04:33.269"/>
</kw>
<kw name="Log To Console" library="BuiltIn">
<arg>\nStatus Code Esperado: ${statuscode} \nRetornado: ${response.status_code}\n</arg>
<doc>Logs the given message to the console.</doc>
<status status="PASS" starttime="20220803 12:04:33.269" endtime="20220803 12:04:33.269"/>
</kw>
<status status="PASS" starttime="20220803 12:04:33.268" endtime="20220803 12:04:33.269"/>
</kw>
<tag>C54</tag>
<status status="PASS" starttime="20220803 12:04:33.255" endtime="20220803 12:04:33.270"/>
</test>
<doc>Arquivo de testes para endpoint /carrinhos</doc>
<status status="PASS" starttime="20220803 12:04:31.910" endtime="20220803 12:04:33.271"/>
</suite>
<statistics>
<total>
<stat pass="13" fail="0" skip="0">All Tests</stat>
</total>
<tag>
<stat pass="1" fail="0" skip="0">C42</stat>
<stat pass="1" fail="0" skip="0">C43</stat>
<stat pass="1" fail="0" skip="0">C44</stat>
<stat pass="1" fail="0" skip="0">C45</stat>
<stat pass="1" fail="0" skip="0">C46</stat>
<stat pass="1" fail="0" skip="0">C47</stat>
<stat pass="1" fail="0" skip="0">C48</stat>
<stat pass="1" fail="0" skip="0">C49</stat>
<stat pass="1" fail="0" skip="0">C50</stat>
<stat pass="1" fail="0" skip="0">C51</stat>
<stat pass="1" fail="0" skip="0">C52</stat>
<stat pass="1" fail="0" skip="0">C53</stat>
<stat pass="1" fail="0" skip="0">C54</stat>
</tag>
<suite>
<stat pass="13" fail="0" skip="0" id="s1" name="Carrinhos Tests">Carrinhos Tests</stat>
</suite>
</statistics>
<errors>
</errors>
</robot>
